Started GET "/" for ::1 at 2023-11-22 08:48:25 -0300
  [1m[35m (43.1ms)[0m  [1m[35mCREATE TABLE "schema_migrations" ("version" varchar NOT NULL PRIMARY KEY)[0m
  [1m[35m (0.2ms)[0m  [1m[35mCREATE TABLE "ar_internal_metadata" ("key" varchar NOT NULL PRIMARY KEY, "value" varchar, "created_at" datetime(6) NOT NULL, "updated_at" datetime(6) NOT NULL)[0m
  [1m[36mActiveRecord::SchemaMigration Load (0.1ms)[0m  [1m[34mSELECT "schema_migrations"."version" FROM "schema_migrations" ORDER BY "schema_migrations"."version" ASC[0m
Processing by Rails::WelcomeController#index as HTML
  Rendering /usr/share/rvm/gems/ruby-3.2.2/gems/railties-7.1.2/lib/rails/templates/rails/welcome/index.html.erb
  Rendered /usr/share/rvm/gems/ruby-3.2.2/gems/railties-7.1.2/lib/rails/templates/rails/welcome/index.html.erb (Duration: 0.8ms | Allocations: 375)
Completed 200 OK in 17ms (Views: 6.3ms | ActiveRecord: 0.0ms | Allocations: 7874)


Started GET "/" for ::1 at 2023-11-22 08:48:32 -0300
Processing by Rails::WelcomeController#index as HTML
  Rendering /usr/share/rvm/gems/ruby-3.2.2/gems/railties-7.1.2/lib/rails/templates/rails/welcome/index.html.erb
  Rendered /usr/share/rvm/gems/ruby-3.2.2/gems/railties-7.1.2/lib/rails/templates/rails/welcome/index.html.erb (Duration: 0.2ms | Allocations: 13)
Completed 200 OK in 3ms (Views: 1.6ms | ActiveRecord: 0.0ms | Allocations: 210)


Started GET "/" for ::1 at 2023-11-22 08:48:34 -0300
Processing by Rails::WelcomeController#index as HTML
  Rendering /usr/share/rvm/gems/ruby-3.2.2/gems/railties-7.1.2/lib/rails/templates/rails/welcome/index.html.erb
  Rendered /usr/share/rvm/gems/ruby-3.2.2/gems/railties-7.1.2/lib/rails/templates/rails/welcome/index.html.erb (Duration: 0.1ms | Allocations: 13)
Completed 200 OK in 1ms (Views: 0.4ms | ActiveRecord: 0.0ms | Allocations: 209)


  [1m[36mActiveRecord::InternalMetadata Load (10.2ms)[0m  [1m[34mSELECT * FROM "ar_internal_metadata" WHERE "ar_internal_metadata"."key" = ? ORDER BY "ar_internal_metadata"."key" ASC LIMIT 1[0m  [[nil, "environment"]]
  [1m[36mActiveRecord::InternalMetadata Create (40.0ms)[0m  [1m[32mINSERT INTO "ar_internal_metadata" ("key", "value", "created_at", "updated_at") VALUES ('environment', 'development', '2023-11-28 17:14:19.327896', '2023-11-28 17:14:19.327900') RETURNING "key"[0m
  [1m[36mActiveRecord::SchemaMigration Load (0.1ms)[0m  [1m[34mSELECT "schema_migrations"."version" FROM "schema_migrations" ORDER BY "schema_migrations"."version" ASC[0m
Migrating to CreateCoins (20231128164538)
  [1m[36mTRANSACTION (0.1ms)[0m  [1m[36mbegin transaction[0m
  [1m[35m (1.1ms)[0m  [1m[35mCREATE TABLE "coins" ("id" integer PRIMARY KEY AUTOINCREMENT NOT NULL, "description" varchar, "acronym" varchar, "url_image" varchar, "created_at" datetime(6) NOT NULL, "updated_at" datetime(6) NOT NULL)[0m
  [1m[36mActiveRecord::SchemaMigration Create (0.2ms)[0m  [1m[32mINSERT INTO "schema_migrations" ("version") VALUES ('20231128164538') RETURNING "version"[0m
  [1m[36mTRANSACTION (0.1ms)[0m  [1m[36mcommit transaction[0m
  [1m[36mActiveRecord::SchemaMigration Load (0.1ms)[0m  [1m[34mSELECT "schema_migrations"."version" FROM "schema_migrations" ORDER BY "schema_migrations"."version" ASC[0m
Started GET "/" for ::1 at 2023-11-28 14:51:24 -0300
  [1m[36mActiveRecord::SchemaMigration Load (0.2ms)[0m  [1m[34mSELECT "schema_migrations"."version" FROM "schema_migrations" ORDER BY "schema_migrations"."version" ASC[0m
Processing by Rails::WelcomeController#index as HTML
  Rendering /usr/share/rvm/gems/ruby-3.2.2/gems/railties-7.1.2/lib/rails/templates/rails/welcome/index.html.erb
  Rendered /usr/share/rvm/gems/ruby-3.2.2/gems/railties-7.1.2/lib/rails/templates/rails/welcome/index.html.erb (Duration: 3.0ms | Allocations: 375)
Completed 200 OK in 41ms (Views: 14.1ms | ActiveRecord: 0.0ms | Allocations: 4270)


Started GET "/coins" for ::1 at 2023-11-28 14:51:35 -0300
Processing by CoinsController#index as HTML
  Rendering layout layouts/application.html.erb
  Rendering coins/index.html.erb within layouts/application
  [1m[36mCoin Load (0.1ms)[0m  [1m[34mSELECT "coins".* FROM "coins"[0m
  ↳ app/views/coins/index.html.erb:6
  Rendered coins/index.html.erb within layouts/application (Duration: 6.2ms | Allocations: 1520)
  Rendered layout layouts/application.html.erb (Duration: 463.4ms | Allocations: 100427)
Completed 200 OK in 521ms (Views: 495.6ms | ActiveRecord: 1.5ms | Allocations: 110371)


Started GET "/coins/new" for ::1 at 2023-11-28 14:51:44 -0300
Processing by CoinsController#new as HTML
  Rendering layout layouts/application.html.erb
  Rendering coins/new.html.erb within layouts/application
  Rendered coins/_form.html.erb (Duration: 14.3ms | Allocations: 5236)
  Rendered coins/new.html.erb within layouts/application (Duration: 15.3ms | Allocations: 5557)
  Rendered layout layouts/application.html.erb (Duration: 18.0ms | Allocations: 7675)
Completed 200 OK in 44ms (Views: 18.6ms | ActiveRecord: 1.0ms | Allocations: 18189)


Started POST "/coins" for ::1 at 2023-11-28 14:52:13 -0300
Processing by CoinsController#create as TURBO_STREAM
  Parameters: {"authenticity_token"=>"[FILTERED]", "coin"=>{"description"=>"Bitcoin", "acronym"=>"BTC", "url_image"=>""}, "commit"=>"Create Coin"}
  [1m[36mTRANSACTION (0.1ms)[0m  [1m[36mbegin transaction[0m
  ↳ app/controllers/coins_controller.rb:27:in `block in create'
  [1m[36mCoin Create (1.2ms)[0m  [1m[32mINSERT INTO "coins" ("description", "acronym", "url_image", "created_at", "updated_at") VALUES (?, ?, ?, ?, ?) RETURNING "id"[0m  [["description", "Bitcoin"], ["acronym", "BTC"], ["url_image", ""], ["created_at", "2023-11-28 17:52:13.774880"], ["updated_at", "2023-11-28 17:52:13.774880"]]
  ↳ app/controllers/coins_controller.rb:27:in `block in create'
  [1m[36mTRANSACTION (80.1ms)[0m  [1m[36mcommit transaction[0m
  ↳ app/controllers/coins_controller.rb:27:in `block in create'
Redirected to http://localhost:3000/coins/1
Completed 302 Found in 86ms (ActiveRecord: 81.4ms | Allocations: 3377)


Started GET "/coins/1" for ::1 at 2023-11-28 14:52:13 -0300
Processing by CoinsController#show as TURBO_STREAM
  Parameters: {"id"=>"1"}
  [1m[36mCoin Load (0.1ms)[0m  [1m[34mSELECT "coins".* FROM "coins" WHERE "coins"."id" = ? LIMIT ?[0m  [["id", 1], ["LIMIT", 1]]
  ↳ app/controllers/coins_controller.rb:63:in `set_coin'
  Rendering layout layouts/application.html.erb
  Rendering coins/show.html.erb within layouts/application
  Rendered coins/_coin.html.erb (Duration: 0.6ms | Allocations: 208)
  Rendered coins/show.html.erb within layouts/application (Duration: 5.1ms | Allocations: 1270)
  Rendered layout layouts/application.html.erb (Duration: 7.9ms | Allocations: 3368)
Completed 200 OK in 14ms (Views: 9.4ms | ActiveRecord: 0.1ms | Allocations: 6337)


Started GET "/coins" for ::1 at 2023-11-28 14:52:16 -0300
Processing by CoinsController#index as HTML
  Rendering layout layouts/application.html.erb
  Rendering coins/index.html.erb within layouts/application
  [1m[36mCoin Load (0.2ms)[0m  [1m[34mSELECT "coins".* FROM "coins"[0m
  ↳ app/views/coins/index.html.erb:6
  Rendered coins/_coin.html.erb (Duration: 0.2ms | Allocations: 20)
  Rendered coins/index.html.erb within layouts/application (Duration: 3.9ms | Allocations: 728)
  Rendered layout layouts/application.html.erb (Duration: 10.9ms | Allocations: 2831)
Completed 200 OK in 13ms (Views: 11.7ms | ActiveRecord: 0.2ms | Allocations: 3094)


Started GET "/coins/1" for ::1 at 2023-11-28 14:52:19 -0300
Processing by CoinsController#show as HTML
  Parameters: {"id"=>"1"}
  [1m[36mCoin Load (0.2ms)[0m  [1m[34mSELECT "coins".* FROM "coins" WHERE "coins"."id" = ? LIMIT ?[0m  [["id", 1], ["LIMIT", 1]]
  ↳ app/controllers/coins_controller.rb:63:in `set_coin'
  Rendering layout layouts/application.html.erb
  Rendering coins/show.html.erb within layouts/application
  Rendered coins/_coin.html.erb (Duration: 0.1ms | Allocations: 20)
  Rendered coins/show.html.erb within layouts/application (Duration: 2.2ms | Allocations: 462)
  Rendered layout layouts/application.html.erb (Duration: 13.4ms | Allocations: 2560)
Completed 200 OK in 19ms (Views: 16.2ms | ActiveRecord: 0.2ms | Allocations: 3161)


Started GET "/coins/1/edit" for ::1 at 2023-11-28 14:52:23 -0300
Processing by CoinsController#edit as HTML
  Parameters: {"id"=>"1"}
  [1m[36mCoin Load (0.1ms)[0m  [1m[34mSELECT "coins".* FROM "coins" WHERE "coins"."id" = ? LIMIT ?[0m  [["id", 1], ["LIMIT", 1]]
  ↳ app/controllers/coins_controller.rb:63:in `set_coin'
  Rendering layout layouts/application.html.erb
  Rendering coins/edit.html.erb within layouts/application
  Rendered coins/_form.html.erb (Duration: 5.3ms | Allocations: 995)
  Rendered coins/edit.html.erb within layouts/application (Duration: 8.4ms | Allocations: 1250)
  Rendered layout layouts/application.html.erb (Duration: 18.0ms | Allocations: 3348)
Completed 200 OK in 28ms (Views: 22.6ms | ActiveRecord: 0.1ms | Allocations: 4010)


Started GET "/coins" for ::1 at 2023-11-28 14:52:24 -0300
Processing by CoinsController#index as HTML
  Rendering layout layouts/application.html.erb
  Rendering coins/index.html.erb within layouts/application
  [1m[36mCoin Load (0.1ms)[0m  [1m[34mSELECT "coins".* FROM "coins"[0m
  ↳ app/views/coins/index.html.erb:6
  Rendered coins/_coin.html.erb (Duration: 0.1ms | Allocations: 20)
  Rendered coins/index.html.erb within layouts/application (Duration: 8.2ms | Allocations: 751)
  Rendered layout layouts/application.html.erb (Duration: 19.0ms | Allocations: 2854)
Completed 200 OK in 20ms (Views: 19.7ms | ActiveRecord: 0.1ms | Allocations: 3120)


Started GET "/coins/new" for ::1 at 2023-11-28 14:53:28 -0300
Processing by CoinsController#new as HTML
  Rendering layout layouts/application.html.erb
  Rendering coins/new.html.erb within layouts/application
  Rendered coins/_form.html.erb (Duration: 5.4ms | Allocations: 919)
  Rendered coins/new.html.erb within layouts/application (Duration: 7.0ms | Allocations: 998)
  Rendered layout layouts/application.html.erb (Duration: 18.8ms | Allocations: 3101)
Completed 200 OK in 22ms (Views: 20.9ms | ActiveRecord: 0.0ms | Allocations: 3363)


Started POST "/coins" for ::1 at 2023-11-28 14:53:42 -0300
Processing by CoinsController#create as TURBO_STREAM
  Parameters: {"authenticity_token"=>"[FILTERED]", "coin"=>{"description"=>"Ethereum", "acronym"=>"ETH", "url_image"=>""}, "commit"=>"Create Coin"}
  [1m[36mTRANSACTION (0.1ms)[0m  [1m[36mbegin transaction[0m
  ↳ app/controllers/coins_controller.rb:27:in `block in create'
  [1m[36mCoin Create (1.0ms)[0m  [1m[32mINSERT INTO "coins" ("description", "acronym", "url_image", "created_at", "updated_at") VALUES (?, ?, ?, ?, ?) RETURNING "id"[0m  [["description", "Ethereum"], ["acronym", "ETH"], ["url_image", ""], ["created_at", "2023-11-28 17:53:42.223836"], ["updated_at", "2023-11-28 17:53:42.223836"]]
  ↳ app/controllers/coins_controller.rb:27:in `block in create'
  [1m[36mTRANSACTION (0.1ms)[0m  [1m[36mcommit transaction[0m
  ↳ app/controllers/coins_controller.rb:27:in `block in create'
Redirected to http://localhost:3000/coins/2
Completed 302 Found in 4ms (ActiveRecord: 1.1ms | Allocations: 1915)


Started GET "/coins/2" for ::1 at 2023-11-28 14:53:42 -0300
Processing by CoinsController#show as TURBO_STREAM
  Parameters: {"id"=>"2"}
  [1m[36mCoin Load (0.1ms)[0m  [1m[34mSELECT "coins".* FROM "coins" WHERE "coins"."id" = ? LIMIT ?[0m  [["id", 2], ["LIMIT", 1]]
  ↳ app/controllers/coins_controller.rb:63:in `set_coin'
  Rendering layout layouts/application.html.erb
  Rendering coins/show.html.erb within layouts/application
  Rendered coins/_coin.html.erb (Duration: 0.1ms | Allocations: 20)
  Rendered coins/show.html.erb within layouts/application (Duration: 1.0ms | Allocations: 500)
  Rendered layout layouts/application.html.erb (Duration: 3.9ms | Allocations: 2598)
Completed 200 OK in 6ms (Views: 4.4ms | ActiveRecord: 0.1ms | Allocations: 3201)


Started GET "/coins" for ::1 at 2023-11-28 14:53:43 -0300
Processing by CoinsController#index as HTML
  Rendering layout layouts/application.html.erb
  Rendering coins/index.html.erb within layouts/application
  [1m[36mCoin Load (0.2ms)[0m  [1m[34mSELECT "coins".* FROM "coins"[0m
  ↳ app/views/coins/index.html.erb:6
  Rendered coins/_coin.html.erb (Duration: 0.2ms | Allocations: 20)
  Rendered coins/_coin.html.erb (Duration: 0.1ms | Allocations: 19)
  Rendered coins/index.html.erb within layouts/application (Duration: 6.2ms | Allocations: 874)
  Rendered layout layouts/application.html.erb (Duration: 12.1ms | Allocations: 2978)
Completed 200 OK in 14ms (Views: 13.2ms | ActiveRecord: 0.2ms | Allocations: 3237)


Started GET "/coin" for ::1 at 2023-11-28 14:53:52 -0300
  
ActionController::RoutingError (No route matches [GET] "/coin"):
  
Started GET "/coins" for ::1 at 2023-11-28 14:53:57 -0300
Processing by CoinsController#index as HTML
  Rendering layout layouts/application.html.erb
  Rendering coins/index.html.erb within layouts/application
  [1m[36mCoin Load (0.2ms)[0m  [1m[34mSELECT "coins".* FROM "coins"[0m
  ↳ app/views/coins/index.html.erb:6
  Rendered coins/_coin.html.erb (Duration: 0.1ms | Allocations: 20)
  Rendered coins/_coin.html.erb (Duration: 0.2ms | Allocations: 19)
  Rendered coins/index.html.erb within layouts/application (Duration: 5.5ms | Allocations: 887)
  Rendered layout layouts/application.html.erb (Duration: 10.8ms | Allocations: 3006)
Completed 200 OK in 13ms (Views: 12.7ms | ActiveRecord: 0.2ms | Allocations: 3264)


Started GET "/coins" for ::1 at 2023-11-29 10:32:32 -0300
  [1m[36mActiveRecord::SchemaMigration Load (0.2ms)[0m  [1m[34mSELECT "schema_migrations"."version" FROM "schema_migrations" ORDER BY "schema_migrations"."version" ASC[0m
Processing by CoinsController#index as HTML
  Rendering layout layouts/application.html.erb
  Rendering coins/index.html.erb within layouts/application
  [1m[36mCoin Load (0.1ms)[0m  [1m[34mSELECT "coins".* FROM "coins"[0m
  ↳ app/views/coins/index.html.erb:17
  Rendered coins/_coin.html.erb (Duration: 0.5ms | Allocations: 245)
  Rendered coins/_coin.html.erb (Duration: 0.1ms | Allocations: 19)
  Rendered coins/index.html.erb within layouts/application (Duration: 46.2ms | Allocations: 12452)
  Rendered layout layouts/application.html.erb (Duration: 197.4ms | Allocations: 48833)
Completed 200 OK in 228ms (Views: 199.1ms | ActiveRecord: 1.8ms | Allocations: 58727)


Started GET "/coins" for ::1 at 2023-11-29 10:33:08 -0300
Processing by CoinsController#index as HTML
  Rendering layout layouts/application.html.erb
  Rendering coins/index.html.erb within layouts/application
  [1m[36mCoin Load (0.2ms)[0m  [1m[34mSELECT "coins".* FROM "coins"[0m
  ↳ app/views/coins/index.html.erb:7
  Rendered coins/_coin.html.erb (Duration: 0.6ms | Allocations: 204)
  Rendered coins/_coin.html.erb (Duration: 0.1ms | Allocations: 19)
  Rendered coins/index.html.erb within layouts/application (Duration: 16.7ms | Allocations: 5702)
  Rendered layout layouts/application.html.erb (Duration: 32.3ms | Allocations: 20233)
Completed 200 OK in 36ms (Views: 32.1ms | ActiveRecord: 2.0ms | Allocations: 21791)


Started GET "/coins" for ::1 at 2023-11-29 10:33:19 -0300
Processing by CoinsController#index as HTML
  Rendering layout layouts/application.html.erb
  Rendering coins/index.html.erb within layouts/application
  [1m[36mCoin Load (0.1ms)[0m  [1m[34mSELECT "coins".* FROM "coins"[0m
  ↳ app/views/coins/index.html.erb:17
  Rendered coins/_coin.html.erb (Duration: 0.5ms | Allocations: 204)
  Rendered coins/_coin.html.erb (Duration: 0.1ms | Allocations: 19)
  Rendered coins/index.html.erb within layouts/application (Duration: 24.8ms | Allocations: 4611)
  Rendered layout layouts/application.html.erb (Duration: 49.9ms | Allocations: 19044)
Completed 200 OK in 56ms (Views: 50.4ms | ActiveRecord: 3.9ms | Allocations: 20595)


Started GET "/coins" for ::1 at 2023-11-29 10:36:30 -0300
Processing by CoinsController#index as HTML
  Rendering layout layouts/application.html.erb
  Rendering coins/index.html.erb within layouts/application
  [1m[36mCoin Load (0.1ms)[0m  [1m[34mSELECT "coins".* FROM "coins"[0m
  ↳ app/views/coins/index.html.erb:15
  Rendered coins/index.html.erb within layouts/application (Duration: 25.4ms | Allocations: 5707)
  Rendered layout layouts/application.html.erb (Duration: 25.9ms | Allocations: 5799)
Completed 500 Internal Server Error in 30ms (ActiveRecord: 2.2ms | Allocations: 7348)


  
ActionView::Template::Error (undefined method `Description' for #<Coin id: 1, description: "Bitcoin", acronym: "BTC", url_image: "", created_at: "2023-11-28 17:52:13.774880000 +0000", updated_at: "2023-11-28 17:52:13.774880000 +0000">):
    14:   <tbody>
    15:     <% @coins.each do |coin|%>
    16:       <tr>
    17:         <th><%= coin.Description%></th>
    18:         <th><%= coin.Acronym%></th>
    19:         <th><%= coin.Url%></th>
    20:         <th><%= coin.Url%></th>
  
app/views/coins/index.html.erb:17
app/views/coins/index.html.erb:15
Started GET "/coins" for ::1 at 2023-11-29 10:37:13 -0300
  [1m[36mActiveRecord::SchemaMigration Load (0.2ms)[0m  [1m[34mSELECT "schema_migrations"."version" FROM "schema_migrations" ORDER BY "schema_migrations"."version" ASC[0m
Processing by CoinsController#index as HTML
  Rendering layout layouts/application.html.erb
  Rendering coins/index.html.erb within layouts/application
  [1m[36mCoin Load (0.2ms)[0m  [1m[34mSELECT "coins".* FROM "coins"[0m
  ↳ app/views/coins/index.html.erb:15
  Rendered coins/_coin.html.erb (Duration: 0.5ms | Allocations: 223)
  Rendered coins/_coin.html.erb (Duration: 0.0ms | Allocations: 16)
  Rendered coins/index.html.erb within layouts/application (Duration: 29.1ms | Allocations: 13708)
  Rendered layout layouts/application.html.erb (Duration: 97.0ms | Allocations: 49709)
Completed 200 OK in 123ms (Views: 98.8ms | ActiveRecord: 2.1ms | Allocations: 59603)


Started GET "/coins" for ::1 at 2023-11-29 10:37:30 -0300
Processing by CoinsController#index as HTML
  Rendering layout layouts/application.html.erb
  Rendering coins/index.html.erb within layouts/application
  [1m[36mCoin Load (0.1ms)[0m  [1m[34mSELECT "coins".* FROM "coins"[0m
  ↳ app/views/coins/index.html.erb:15
  Rendered coins/_coin.html.erb (Duration: 0.5ms | Allocations: 194)
  Rendered coins/_coin.html.erb (Duration: 0.1ms | Allocations: 16)
  Rendered coins/index.html.erb within layouts/application (Duration: 9.9ms | Allocations: 4767)
  Rendered layout layouts/application.html.erb (Duration: 24.6ms | Allocations: 19297)
Completed 200 OK in 29ms (Views: 24.0ms | ActiveRecord: 2.5ms | Allocations: 20855)


Started GET "/coins" for ::1 at 2023-11-29 10:37:45 -0300
Processing by CoinsController#index as HTML
  Rendering layout layouts/application.html.erb
  Rendering coins/index.html.erb within layouts/application
  [1m[36mCoin Load (0.1ms)[0m  [1m[34mSELECT "coins".* FROM "coins"[0m
  ↳ app/views/coins/index.html.erb:15
  Rendered coins/_coin.html.erb (Duration: 0.6ms | Allocations: 194)
  Rendered coins/_coin.html.erb (Duration: 0.1ms | Allocations: 16)
  Rendered coins/index.html.erb within layouts/application (Duration: 9.4ms | Allocations: 4723)
  Rendered layout layouts/application.html.erb (Duration: 28.1ms | Allocations: 19088)
Completed 200 OK in 32ms (Views: 27.2ms | ActiveRecord: 2.3ms | Allocations: 20639)


Started GET "/coins/new" for ::1 at 2023-11-29 14:37:34 -0300
  [1m[36mActiveRecord::SchemaMigration Load (0.2ms)[0m  [1m[34mSELECT "schema_migrations"."version" FROM "schema_migrations" ORDER BY "schema_migrations"."version" ASC[0m
Processing by CoinsController#new as HTML
  Rendering layout layouts/application.html.erb
  Rendering coins/new.html.erb within layouts/application
  Rendered coins/_form.html.erb (Duration: 11.4ms | Allocations: 3569)
  Rendered coins/new.html.erb within layouts/application (Duration: 12.6ms | Allocations: 4006)
  Rendered layout layouts/application.html.erb (Duration: 72.8ms | Allocations: 39943)
Completed 200 OK in 111ms (Views: 76.6ms | ActiveRecord: 1.8ms | Allocations: 59125)


Started GET "/coins" for ::1 at 2023-11-29 14:37:49 -0300
Processing by CoinsController#index as HTML
  Rendering layout layouts/application.html.erb
  Rendering coins/index.html.erb within layouts/application
  [1m[36mCoin Load (0.2ms)[0m  [1m[34mSELECT "coins".* FROM "coins"[0m
  ↳ app/views/coins/index.html.erb:15
  Rendered coins/_coin.html.erb (Duration: 0.7ms | Allocations: 207)
  Rendered coins/_coin.html.erb (Duration: 0.1ms | Allocations: 16)
  Rendered coins/index.html.erb within layouts/application (Duration: 5.8ms | Allocations: 1950)
  Rendered layout layouts/application.html.erb (Duration: 9.3ms | Allocations: 4053)
Completed 200 OK in 19ms (Views: 9.7ms | ActiveRecord: 0.2ms | Allocations: 5397)


Started GET "/coins/edit" for ::1 at 2023-11-29 14:38:25 -0300
Processing by CoinsController#show as HTML
  Parameters: {"id"=>"edit"}
  [1m[36mCoin Load (0.1ms)[0m  [1m[34mSELECT "coins".* FROM "coins" WHERE "coins"."id" = ? LIMIT ?[0m  [["id", nil], ["LIMIT", 1]]
  ↳ app/controllers/coins_controller.rb:63:in `set_coin'
Completed 404 Not Found in 37ms (ActiveRecord: 0.1ms | Allocations: 6517)


  
ActiveRecord::RecordNotFound (Couldn't find Coin with 'id'=edit):
  
app/controllers/coins_controller.rb:63:in `set_coin'
Started GET "/coins/create" for ::1 at 2023-11-29 14:38:30 -0300
Processing by CoinsController#show as HTML
  Parameters: {"id"=>"create"}
  [1m[36mCoin Load (0.1ms)[0m  [1m[34mSELECT "coins".* FROM "coins" WHERE "coins"."id" = ? LIMIT ?[0m  [["id", nil], ["LIMIT", 1]]
  ↳ app/controllers/coins_controller.rb:63:in `set_coin'
Completed 404 Not Found in 2ms (ActiveRecord: 0.1ms | Allocations: 827)


  
ActiveRecord::RecordNotFound (Couldn't find Coin with 'id'=create):
  
app/controllers/coins_controller.rb:63:in `set_coin'
Started GET "/crete" for ::1 at 2023-11-29 14:38:38 -0300
  
ActionController::RoutingError (No route matches [GET] "/crete"):
  
Started GET "/create" for ::1 at 2023-11-29 14:38:43 -0300
  
ActionController::RoutingError (No route matches [GET] "/create"):
  
Started GET "/coins/create" for ::1 at 2023-11-29 14:38:49 -0300
Processing by CoinsController#show as HTML
  Parameters: {"id"=>"create"}
  [1m[36mCoin Load (0.1ms)[0m  [1m[34mSELECT "coins".* FROM "coins" WHERE "coins"."id" = ? LIMIT ?[0m  [["id", nil], ["LIMIT", 1]]
  ↳ app/controllers/coins_controller.rb:63:in `set_coin'
Completed 404 Not Found in 3ms (ActiveRecord: 0.1ms | Allocations: 813)


  
ActiveRecord::RecordNotFound (Couldn't find Coin with 'id'=create):
  
app/controllers/coins_controller.rb:63:in `set_coin'
Started GET "/coins/new" for ::1 at 2023-11-29 14:39:02 -0300
Processing by CoinsController#new as HTML
  Rendering layout layouts/application.html.erb
  Rendering coins/new.html.erb within layouts/application
  Rendered coins/_form.html.erb (Duration: 1.6ms | Allocations: 922)
  Rendered coins/new.html.erb within layouts/application (Duration: 2.3ms | Allocations: 1001)
  Rendered layout layouts/application.html.erb (Duration: 5.8ms | Allocations: 3135)
Completed 200 OK in 9ms (Views: 8.3ms | ActiveRecord: 0.0ms | Allocations: 3398)


Started GET "/coins" for ::1 at 2023-11-29 14:39:04 -0300
Processing by CoinsController#index as HTML
  Rendering layout layouts/application.html.erb
  Rendering coins/index.html.erb within layouts/application
  [1m[36mCoin Load (0.1ms)[0m  [1m[34mSELECT "coins".* FROM "coins"[0m
  ↳ app/views/coins/index.html.erb:15
  Rendered coins/_coin.html.erb (Duration: 0.0ms | Allocations: 17)
  Rendered coins/_coin.html.erb (Duration: 0.1ms | Allocations: 16)
  Rendered coins/index.html.erb within layouts/application (Duration: 1.9ms | Allocations: 895)
  Rendered layout layouts/application.html.erb (Duration: 4.5ms | Allocations: 2998)
Completed 200 OK in 5ms (Views: 4.8ms | ActiveRecord: 0.1ms | Allocations: 3257)


Started GET "/coins/new" for ::1 at 2023-11-29 14:39:07 -0300
Processing by CoinsController#new as HTML
  Rendering layout layouts/application.html.erb
  Rendering coins/new.html.erb within layouts/application
  Rendered coins/_form.html.erb (Duration: 3.6ms | Allocations: 925)
  Rendered coins/new.html.erb within layouts/application (Duration: 4.4ms | Allocations: 1004)
  Rendered layout layouts/application.html.erb (Duration: 9.1ms | Allocations: 3106)
Completed 200 OK in 11ms (Views: 10.6ms | ActiveRecord: 0.0ms | Allocations: 3372)


Started GET "/coins/show" for ::1 at 2023-11-29 14:39:16 -0300
Processing by CoinsController#show as HTML
  Parameters: {"id"=>"show"}
  [1m[36mCoin Load (0.1ms)[0m  [1m[34mSELECT "coins".* FROM "coins" WHERE "coins"."id" = ? LIMIT ?[0m  [["id", nil], ["LIMIT", 1]]
  ↳ app/controllers/coins_controller.rb:63:in `set_coin'
Completed 404 Not Found in 2ms (ActiveRecord: 0.1ms | Allocations: 812)


  
ActiveRecord::RecordNotFound (Couldn't find Coin with 'id'=show):
  
app/controllers/coins_controller.rb:63:in `set_coin'
Started GET "/" for ::1 at 2023-11-30 09:36:54 -0300
  [1m[36mActiveRecord::SchemaMigration Load (0.7ms)[0m  [1m[34mSELECT "schema_migrations"."version" FROM "schema_migrations" ORDER BY "schema_migrations"."version" ASC[0m
Processing by Rails::WelcomeController#index as HTML
  Rendering /usr/share/rvm/gems/ruby-3.2.2/gems/railties-7.1.2/lib/rails/templates/rails/welcome/index.html.erb
  Rendered /usr/share/rvm/gems/ruby-3.2.2/gems/railties-7.1.2/lib/rails/templates/rails/welcome/index.html.erb (Duration: 1.4ms | Allocations: 375)
Completed 200 OK in 15ms (Views: 5.0ms | ActiveRecord: 0.0ms | Allocations: 4271)


Started GET "/wellcome" for ::1 at 2023-11-30 09:36:59 -0300
  
ActionController::RoutingError (No route matches [GET] "/wellcome"):
  
Started GET "/wellcome/index" for ::1 at 2023-11-30 09:37:15 -0300
Processing by WellcomeController#index as HTML
  Rendering layout layouts/application.html.erb
  Rendering wellcome/index.html.erb within layouts/application
  Rendered wellcome/index.html.erb within layouts/application (Duration: 0.5ms | Allocations: 95)
  Rendered layout layouts/application.html.erb (Duration: 270.4ms | Allocations: 36701)
Completed 200 OK in 294ms (Views: 293.3ms | ActiveRecord: 0.0ms | Allocations: 37603)


Started GET "/wellcome/index" for ::1 at 2023-11-30 11:12:29 -0300
  [1m[36mActiveRecord::SchemaMigration Load (0.2ms)[0m  [1m[34mSELECT "schema_migrations"."version" FROM "schema_migrations" ORDER BY "schema_migrations"."version" ASC[0m
Processing by WellcomeController#index as HTML
  Rendering layout layouts/application.html.erb
  Rendering wellcome/index.html.erb within layouts/application
  Rendered wellcome/index.html.erb within layouts/application (Duration: 0.4ms | Allocations: 187)
  Rendered layout layouts/application.html.erb (Duration: 88.4ms | Allocations: 37981)
Completed 200 OK in 100ms (Views: 92.3ms | ActiveRecord: 0.0ms | Allocations: 42049)


Started GET "/wellcome/index" for ::1 at 2023-11-30 11:14:54 -0300
Processing by WellcomeController#index as HTML
  Rendering layout layouts/application.html.erb
  Rendering wellcome/index.html.erb within layouts/application
  Rendered wellcome/index.html.erb within layouts/application (Duration: 0.5ms | Allocations: 136)
  Rendered layout layouts/application.html.erb (Duration: 13.4ms | Allocations: 14668)
Completed 200 OK in 16ms (Views: 14.7ms | ActiveRecord: 0.0ms | Allocations: 15576)


Started GET "/wellcome/index" for ::1 at 2023-11-30 11:17:48 -0300
Processing by WellcomeController#index as HTML
  Rendering layout layouts/application.html.erb
  Rendering wellcome/index.html.erb within layouts/application
  Rendered wellcome/index.html.erb within layouts/application (Duration: 0.4ms | Allocations: 126)
  Rendered layout layouts/application.html.erb (Duration: 32.4ms | Allocations: 14817)
Completed 200 OK in 35ms (Views: 34.3ms | ActiveRecord: 0.0ms | Allocations: 15726)


Started GET "/wellcome/index" for ::1 at 2023-11-30 11:17:54 -0300
Processing by WellcomeController#index as HTML
  Rendering layout layouts/application.html.erb
  Rendering wellcome/index.html.erb within layouts/application
  Rendered wellcome/index.html.erb within layouts/application (Duration: 1.7ms | Allocations: 1446)
  Rendered layout layouts/application.html.erb (Duration: 1.9ms | Allocations: 1538)
Completed 500 Internal Server Error in 5ms (ActiveRecord: 0.0ms | Allocations: 2438)


  
ActionView::Template::Error (undefined method `now' for Date:Class):
    1: <h1>SEJA BEM VINDO!!!!!!!!!!!!!!!!!!!!1</h1>
    2: <p>
    3:     Meu nome de trás para frente é <%= Date.now %>
    4: </p>
  
app/views/wellcome/index.html.erb:3
Started GET "/wellcome/index" for ::1 at 2023-11-30 11:18:01 -0300
Processing by WellcomeController#index as HTML
  Rendering layout layouts/application.html.erb
  Rendering wellcome/index.html.erb within layouts/application
  Rendered wellcome/index.html.erb within layouts/application (Duration: 0.3ms | Allocations: 121)
  Rendered layout layouts/application.html.erb (Duration: 12.1ms | Allocations: 14816)
Completed 200 OK in 14ms (Views: 13.5ms | ActiveRecord: 0.0ms | Allocations: 15718)


Started GET "/wellcome/index" for ::1 at 2023-11-30 11:18:12 -0300
Processing by WellcomeController#index as HTML
  Rendering layout layouts/application.html.erb
  Rendering wellcome/index.html.erb within layouts/application
  Rendered wellcome/index.html.erb within layouts/application (Duration: 1.0ms | Allocations: 1088)
  Rendered layout layouts/application.html.erb (Duration: 1.3ms | Allocations: 1180)
Completed 500 Internal Server Error in 6ms (ActiveRecord: 0.0ms | Allocations: 2060)


  
ActionView::Template::Error (undefined method `reverse' for Thu, 30 Nov 2023:Date):
    1: <h1>SEJA BEM VINDO!!!!!!!!!!!!!!!!!!!!1</h1>
    2: <p>
    3:     Meu nome de trás para frente é <%= Date.today.reverse %>
    4: </p>
  
app/views/wellcome/index.html.erb:3
Started GET "/wellcome/index" for ::1 at 2023-11-30 11:18:16 -0300
Processing by WellcomeController#index as HTML
  Rendering layout layouts/application.html.erb
  Rendering wellcome/index.html.erb within layouts/application
  Rendered wellcome/index.html.erb within layouts/application (Duration: 0.4ms | Allocations: 121)
  Rendered layout layouts/application.html.erb (Duration: 13.1ms | Allocations: 14801)
Completed 200 OK in 15ms (Views: 14.5ms | ActiveRecord: 0.0ms | Allocations: 15704)


Started GET "/wellcome/index" for ::1 at 2023-11-30 11:28:49 -0300
Processing by WellcomeController#index as HTML
  Rendering layout layouts/application.html.erb
  Rendering wellcome/index.html.erb within layouts/application
  Rendered wellcome/index.html.erb within layouts/application (Duration: 1.0ms | Allocations: 244)
  Rendered layout layouts/application.html.erb (Duration: 14.0ms | Allocations: 14936)
Completed 200 OK in 16ms (Views: 15.5ms | ActiveRecord: 0.0ms | Allocations: 15842)


Started GET "/coins" for ::1 at 2023-11-30 11:28:50 -0300
Processing by CoinsController#index as HTML
  Rendering layout layouts/application.html.erb
  Rendering coins/index.html.erb within layouts/application
  [1m[36mCoin Load (5.1ms)[0m  [1m[34mSELECT "coins".* FROM "coins"[0m
  ↳ app/views/coins/index.html.erb:15
  Rendered coins/_coin.html.erb (Duration: 0.7ms | Allocations: 216)
  Rendered coins/_coin.html.erb (Duration: 0.1ms | Allocations: 16)
  Rendered coins/index.html.erb within layouts/application (Duration: 60.7ms | Allocations: 12236)
  Rendered layout layouts/application.html.erb (Duration: 63.6ms | Allocations: 14353)
Completed 200 OK in 85ms (Views: 57.2ms | ActiveRecord: 7.3ms | Allocations: 20677)


Started GET "/coins" for ::1 at 2023-11-30 11:30:18 -0300
Processing by CoinsController#index as HTML
  Rendering layout layouts/application.html.erb
  Rendering coins/index.html.erb within layouts/application
  [1m[36mCoin Load (0.1ms)[0m  [1m[34mSELECT "coins".* FROM "coins"[0m
  ↳ app/views/coins/index.html.erb:15
  Rendered coins/_coin.html.erb (Duration: 0.1ms | Allocations: 17)
  Rendered coins/_coin.html.erb (Duration: 0.0ms | Allocations: 16)
  Rendered coins/index.html.erb within layouts/application (Duration: 2.0ms | Allocations: 897)
  Rendered layout layouts/application.html.erb (Duration: 4.4ms | Allocations: 3000)
Completed 200 OK in 5ms (Views: 4.8ms | ActiveRecord: 0.1ms | Allocations: 3261)


Started GET "/coins" for ::1 at 2023-11-30 14:26:20 -0300
  [1m[36mActiveRecord::SchemaMigration Load (0.3ms)[0m  [1m[34mSELECT "schema_migrations"."version" FROM "schema_migrations" ORDER BY "schema_migrations"."version" ASC[0m
Processing by CoinsController#index as HTML
  Rendering layout layouts/application.html.erb
  Rendering coins/index.html.erb within layouts/application
  [1m[36mCoin Load (0.1ms)[0m  [1m[34mSELECT "coins".* FROM "coins"[0m
  ↳ app/views/coins/index.html.erb:15
  Rendered coins/_coin.html.erb (Duration: 0.5ms | Allocations: 225)
  Rendered coins/_coin.html.erb (Duration: 0.1ms | Allocations: 16)
  Rendered coins/index.html.erb within layouts/application (Duration: 35.9ms | Allocations: 13729)
  Rendered layout layouts/application.html.erb (Duration: 89.9ms | Allocations: 50063)
Completed 200 OK in 113ms (Views: 90.8ms | ActiveRecord: 2.6ms | Allocations: 59958)


Started GET "/coins/1" for ::1 at 2023-11-30 14:26:23 -0300
Processing by CoinsController#show as HTML
  Parameters: {"id"=>"1"}
  [1m[36mCoin Load (0.2ms)[0m  [1m[34mSELECT "coins".* FROM "coins" WHERE "coins"."id" = ? LIMIT ?[0m  [["id", 1], ["LIMIT", 1]]
  ↳ app/controllers/coins_controller.rb:63:in `set_coin'
  Rendering layout layouts/application.html.erb
  Rendering coins/show.html.erb within layouts/application
  Rendered coins/_coin.html.erb (Duration: 0.1ms | Allocations: 20)
  Rendered coins/show.html.erb within layouts/application (Duration: 1.9ms | Allocations: 696)
  Rendered layout layouts/application.html.erb (Duration: 4.7ms | Allocations: 2794)
Completed 200 OK in 27ms (Views: 5.3ms | ActiveRecord: 0.2ms | Allocations: 5351)


Started GET "/coins/1/edit" for ::1 at 2023-11-30 14:26:25 -0300
Processing by CoinsController#edit as HTML
  Parameters: {"id"=>"1"}
  [1m[36mCoin Load (0.2ms)[0m  [1m[34mSELECT "coins".* FROM "coins" WHERE "coins"."id" = ? LIMIT ?[0m  [["id", 1], ["LIMIT", 1]]
  ↳ app/controllers/coins_controller.rb:63:in `set_coin'
  Rendering layout layouts/application.html.erb
  Rendering coins/edit.html.erb within layouts/application
  Rendered coins/_form.html.erb (Duration: 24.8ms | Allocations: 2135)
  Rendered coins/edit.html.erb within layouts/application (Duration: 27.1ms | Allocations: 2461)
  Rendered layout layouts/application.html.erb (Duration: 29.6ms | Allocations: 4559)
Completed 200 OK in 34ms (Views: 30.5ms | ActiveRecord: 0.2ms | Allocations: 5234)


Started PATCH "/coins/1" for ::1 at 2023-11-30 14:26:40 -0300
Processing by CoinsController#update as TURBO_STREAM
  Parameters: {"authenticity_token"=>"[FILTERED]", "coin"=>{"description"=>"Bitcoin", "acronym"=>"BTC", "url_image"=>"https://upload.wikimedia.org/wikipedia/commons/thumb/4/46/Bitcoin.svg/1200px-Bitcoin.svg.png"}, "commit"=>"Update Coin", "id"=>"1"}
  [1m[36mCoin Load (0.2ms)[0m  [1m[34mSELECT "coins".* FROM "coins" WHERE "coins"."id" = ? LIMIT ?[0m  [["id", 1], ["LIMIT", 1]]
  ↳ app/controllers/coins_controller.rb:63:in `set_coin'
  [1m[36mTRANSACTION (0.1ms)[0m  [1m[36mbegin transaction[0m
  ↳ app/controllers/coins_controller.rb:40:in `block in update'
  [1m[36mCoin Update (3.8ms)[0m  [1m[33mUPDATE "coins" SET "url_image" = ?, "updated_at" = ? WHERE "coins"."id" = ?[0m  [["url_image", "https://upload.wikimedia.org/wikipedia/commons/thumb/4/46/Bitcoin.svg/1200px-Bitcoin.svg.png"], ["updated_at", "2023-11-30 17:26:40.455140"], ["id", 1]]
  ↳ app/controllers/coins_controller.rb:40:in `block in update'
  [1m[36mTRANSACTION (46.0ms)[0m  [1m[36mcommit transaction[0m
  ↳ app/controllers/coins_controller.rb:40:in `block in update'
Redirected to http://localhost:3000/coins/1
Completed 302 Found in 65ms (ActiveRecord: 50.0ms | Allocations: 3813)


Started GET "/coins/1" for ::1 at 2023-11-30 14:26:40 -0300
Processing by CoinsController#show as TURBO_STREAM
  Parameters: {"id"=>"1"}
  [1m[36mCoin Load (0.2ms)[0m  [1m[34mSELECT "coins".* FROM "coins" WHERE "coins"."id" = ? LIMIT ?[0m  [["id", 1], ["LIMIT", 1]]
  ↳ app/controllers/coins_controller.rb:63:in `set_coin'
  Rendering layout layouts/application.html.erb
  Rendering coins/show.html.erb within layouts/application
  Rendered coins/_coin.html.erb (Duration: 0.2ms | Allocations: 21)
  Rendered coins/show.html.erb within layouts/application (Duration: 4.6ms | Allocations: 532)
  Rendered layout layouts/application.html.erb (Duration: 16.2ms | Allocations: 2630)
Completed 200 OK in 22ms (Views: 17.4ms | ActiveRecord: 0.2ms | Allocations: 3276)


Started GET "/coins" for ::1 at 2023-11-30 14:26:43 -0300
Processing by CoinsController#index as HTML
  Rendering layout layouts/application.html.erb
  Rendering coins/index.html.erb within layouts/application
  [1m[36mCoin Load (0.2ms)[0m  [1m[34mSELECT "coins".* FROM "coins"[0m
  ↳ app/views/coins/index.html.erb:15
  Rendered coins/_coin.html.erb (Duration: 0.1ms | Allocations: 17)
  Rendered coins/_coin.html.erb (Duration: 0.2ms | Allocations: 16)
  Rendered coins/index.html.erb within layouts/application (Duration: 6.1ms | Allocations: 887)
  Rendered layout layouts/application.html.erb (Duration: 14.4ms | Allocations: 2990)
Completed 200 OK in 17ms (Views: 15.6ms | ActiveRecord: 0.2ms | Allocations: 3255)


Started GET "/coins" for ::1 at 2023-11-30 14:26:58 -0300
Processing by CoinsController#index as HTML
  Rendering layout layouts/application.html.erb
  Rendering coins/index.html.erb within layouts/application
  [1m[36mCoin Load (0.1ms)[0m  [1m[34mSELECT "coins".* FROM "coins"[0m
  ↳ app/views/coins/index.html.erb:15
  Rendered coins/_coin.html.erb (Duration: 0.6ms | Allocations: 194)
  Rendered coins/_coin.html.erb (Duration: 0.0ms | Allocations: 16)
  Rendered coins/index.html.erb within layouts/application (Duration: 9.3ms | Allocations: 4752)
  Rendered layout layouts/application.html.erb (Duration: 24.0ms | Allocations: 19283)
Completed 200 OK in 27ms (Views: 22.8ms | ActiveRecord: 2.5ms | Allocations: 20840)


Started GET "/coins/2" for ::1 at 2023-11-30 14:28:03 -0300
Processing by CoinsController#show as HTML
  Parameters: {"id"=>"2"}
  [1m[36mCoin Load (0.3ms)[0m  [1m[34mSELECT "coins".* FROM "coins" WHERE "coins"."id" = ? LIMIT ?[0m  [["id", 2], ["LIMIT", 1]]
  ↳ app/controllers/coins_controller.rb:63:in `set_coin'
  Rendering layout layouts/application.html.erb
  Rendering coins/show.html.erb within layouts/application
  Rendered coins/_coin.html.erb (Duration: 0.2ms | Allocations: 20)
  Rendered coins/show.html.erb within layouts/application (Duration: 4.0ms | Allocations: 663)
  Rendered layout layouts/application.html.erb (Duration: 11.7ms | Allocations: 2761)
Completed 200 OK in 18ms (Views: 12.9ms | ActiveRecord: 0.3ms | Allocations: 4077)


Started GET "/coins/2/edit" for ::1 at 2023-11-30 14:28:06 -0300
Processing by CoinsController#edit as HTML
  Parameters: {"id"=>"2"}
  [1m[36mCoin Load (0.2ms)[0m  [1m[34mSELECT "coins".* FROM "coins" WHERE "coins"."id" = ? LIMIT ?[0m  [["id", 2], ["LIMIT", 1]]
  ↳ app/controllers/coins_controller.rb:63:in `set_coin'
  Rendering layout layouts/application.html.erb
  Rendering coins/edit.html.erb within layouts/application
  Rendered coins/_form.html.erb (Duration: 4.2ms | Allocations: 1358)
  Rendered coins/edit.html.erb within layouts/application (Duration: 6.4ms | Allocations: 1673)
  Rendered layout layouts/application.html.erb (Duration: 10.4ms | Allocations: 3771)
Completed 200 OK in 15ms (Views: 11.4ms | ActiveRecord: 0.2ms | Allocations: 4431)


Started PATCH "/coins/2" for ::1 at 2023-11-30 14:28:08 -0300
Processing by CoinsController#update as TURBO_STREAM
  Parameters: {"authenticity_token"=>"[FILTERED]", "coin"=>{"description"=>"Ethereum", "acronym"=>"ETH", "url_image"=>"https://upload.wikimedia.org/wikipedia/commons/thumb/6/6f/Ethereum-icon-purple.svg/512px-Ethereum-icon-purple.svg.png?20200227011040"}, "commit"=>"Update Coin", "id"=>"2"}
  [1m[36mCoin Load (0.1ms)[0m  [1m[34mSELECT "coins".* FROM "coins" WHERE "coins"."id" = ? LIMIT ?[0m  [["id", 2], ["LIMIT", 1]]
  ↳ app/controllers/coins_controller.rb:63:in `set_coin'
  [1m[36mTRANSACTION (0.1ms)[0m  [1m[36mbegin transaction[0m
  ↳ app/controllers/coins_controller.rb:40:in `block in update'
  [1m[36mCoin Update (1.3ms)[0m  [1m[33mUPDATE "coins" SET "url_image" = ?, "updated_at" = ? WHERE "coins"."id" = ?[0m  [["url_image", "https://upload.wikimedia.org/wikipedia/commons/thumb/6/6f/Ethereum-icon-purple.svg/512px-Ethereum-icon-purple.svg.png?20200227011040"], ["updated_at", "2023-11-30 17:28:08.407299"], ["id", 2]]
  ↳ app/controllers/coins_controller.rb:40:in `block in update'
  [1m[36mTRANSACTION (118.5ms)[0m  [1m[36mcommit transaction[0m
  ↳ app/controllers/coins_controller.rb:40:in `block in update'
Redirected to http://localhost:3000/coins/2
Completed 302 Found in 127ms (ActiveRecord: 120.0ms | Allocations: 2432)


Started GET "/coins/2" for ::1 at 2023-11-30 14:28:08 -0300
Processing by CoinsController#show as TURBO_STREAM
  Parameters: {"id"=>"2"}
  [1m[36mCoin Load (0.2ms)[0m  [1m[34mSELECT "coins".* FROM "coins" WHERE "coins"."id" = ? LIMIT ?[0m  [["id", 2], ["LIMIT", 1]]
  ↳ app/controllers/coins_controller.rb:63:in `set_coin'
  Rendering layout layouts/application.html.erb
  Rendering coins/show.html.erb within layouts/application
  Rendered coins/_coin.html.erb (Duration: 0.2ms | Allocations: 21)
  Rendered coins/show.html.erb within layouts/application (Duration: 2.8ms | Allocations: 523)
  Rendered layout layouts/application.html.erb (Duration: 9.6ms | Allocations: 2621)
Completed 200 OK in 14ms (Views: 10.6ms | ActiveRecord: 0.2ms | Allocations: 3267)


Started GET "/coins" for ::1 at 2023-11-30 14:28:09 -0300
Processing by CoinsController#index as HTML
  Rendering layout layouts/application.html.erb
  Rendering coins/index.html.erb within layouts/application
  [1m[36mCoin Load (0.2ms)[0m  [1m[34mSELECT "coins".* FROM "coins"[0m
  ↳ app/views/coins/index.html.erb:15
  Rendered coins/_coin.html.erb (Duration: 0.1ms | Allocations: 17)
  Rendered coins/_coin.html.erb (Duration: 0.1ms | Allocations: 16)
  Rendered coins/index.html.erb within layouts/application (Duration: 4.8ms | Allocations: 874)
  Rendered layout layouts/application.html.erb (Duration: 11.8ms | Allocations: 2977)
Completed 200 OK in 14ms (Views: 12.6ms | ActiveRecord: 0.2ms | Allocations: 3236)


Started GET "/coins" for ::1 at 2023-11-30 14:31:16 -0300
Processing by CoinsController#index as HTML
  Rendering layout layouts/application.html.erb
  Rendering coins/index.html.erb within layouts/application
  [1m[36mCoin Load (0.1ms)[0m  [1m[34mSELECT "coins".* FROM "coins"[0m
  ↳ app/views/coins/index.html.erb:15
  Rendered coins/index.html.erb within layouts/application (Duration: 7.5ms | Allocations: 4237)
  Rendered layout layouts/application.html.erb (Duration: 26.2ms | Allocations: 18769)
Completed 200 OK in 32ms (Views: 26.0ms | ActiveRecord: 2.2ms | Allocations: 20325)


Started GET "/coins" for ::1 at 2023-11-30 14:31:41 -0300
Processing by CoinsController#index as HTML
  Rendering layout layouts/application.html.erb
  Rendering coins/index.html.erb within layouts/application
  [1m[36mCoin Load (0.1ms)[0m  [1m[34mSELECT "coins".* FROM "coins"[0m
  ↳ app/views/coins/index.html.erb:15
  Rendered coins/index.html.erb within layouts/application (Duration: 6.8ms | Allocations: 4170)
  Rendered layout layouts/application.html.erb (Duration: 23.8ms | Allocations: 18532)
Completed 200 OK in 28ms (Views: 23.2ms | ActiveRecord: 2.0ms | Allocations: 20082)


Started GET "/coins" for ::1 at 2023-11-30 14:31:53 -0300
Processing by CoinsController#index as HTML
  Rendering layout layouts/application.html.erb
  Rendering coins/index.html.erb within layouts/application
  [1m[36mCoin Load (0.1ms)[0m  [1m[34mSELECT "coins".* FROM "coins"[0m
  ↳ app/views/coins/index.html.erb:15
  Rendered coins/index.html.erb within layouts/application (Duration: 7.2ms | Allocations: 4218)
  Rendered layout layouts/application.html.erb (Duration: 19.7ms | Allocations: 18632)
Completed 200 OK in 23ms (Views: 19.1ms | ActiveRecord: 2.0ms | Allocations: 20187)


Started GET "/coins" for ::1 at 2023-11-30 14:32:04 -0300
Processing by CoinsController#index as HTML
  Rendering layout layouts/application.html.erb
  Rendering coins/index.html.erb within layouts/application
  [1m[36mCoin Load (0.2ms)[0m  [1m[34mSELECT "coins".* FROM "coins"[0m
  ↳ app/views/coins/index.html.erb:15
  Rendered coins/index.html.erb within layouts/application (Duration: 8.5ms | Allocations: 4183)
  Rendered layout layouts/application.html.erb (Duration: 26.9ms | Allocations: 18700)
Completed 200 OK in 31ms (Views: 24.1ms | ActiveRecord: 4.5ms | Allocations: 20250)


Started GET "/coins" for ::1 at 2023-11-30 14:32:54 -0300
Processing by CoinsController#index as HTML
  Rendering layout layouts/application.html.erb
  Rendering coins/index.html.erb within layouts/application
  [1m[36mCoin Load (0.1ms)[0m  [1m[34mSELECT "coins".* FROM "coins"[0m
  ↳ app/views/coins/index.html.erb:15
  Rendered coins/index.html.erb within layouts/application (Duration: 7.2ms | Allocations: 4232)
  Rendered layout layouts/application.html.erb (Duration: 21.0ms | Allocations: 18665)
Completed 200 OK in 24ms (Views: 20.1ms | ActiveRecord: 2.3ms | Allocations: 20220)


Started GET "/" for ::1 at 2023-12-04 13:24:30 -0300
  [1m[36mActiveRecord::SchemaMigration Load (0.2ms)[0m  [1m[34mSELECT "schema_migrations"."version" FROM "schema_migrations" ORDER BY "schema_migrations"."version" ASC[0m
Processing by Rails::WelcomeController#index as HTML
  Rendering /usr/share/rvm/gems/ruby-3.2.2/gems/railties-7.1.2/lib/rails/templates/rails/welcome/index.html.erb
  Rendered /usr/share/rvm/gems/ruby-3.2.2/gems/railties-7.1.2/lib/rails/templates/rails/welcome/index.html.erb (Duration: 1.3ms | Allocations: 375)
Completed 200 OK in 30ms (Views: 5.8ms | ActiveRecord: 0.0ms | Allocations: 4271)


Started GET "/wellcome/index" for ::1 at 2023-12-04 13:24:38 -0300
Processing by WellcomeController#index as HTML
  Rendering layout layouts/application.html.erb
  Rendering wellcome/index.html.erb within layouts/application
  Rendered wellcome/index.html.erb within layouts/application (Duration: 2.3ms | Allocations: 306)
  Rendered layout layouts/application.html.erb (Duration: 208.0ms | Allocations: 37000)
Completed 200 OK in 273ms (Views: 240.6ms | ActiveRecord: 0.0ms | Allocations: 37925)


Started GET "/coins" for ::1 at 2023-12-04 13:24:41 -0300
Processing by CoinsController#index as HTML
  Rendering layout layouts/application.html.erb
  Rendering coins/index.html.erb within layouts/application
  [1m[36mCoin Load (0.7ms)[0m  [1m[34mSELECT "coins".* FROM "coins"[0m
  ↳ app/views/coins/index.html.erb:15
  Rendered coins/index.html.erb within layouts/application (Duration: 28.0ms | Allocations: 12617)
  Rendered layout layouts/application.html.erb (Duration: 30.5ms | Allocations: 14734)
Completed 200 OK in 45ms (Views: 28.8ms | ActiveRecord: 2.4ms | Allocations: 21058)


Started GET "/coins" for ::1 at 2023-12-04 13:26:48 -0300
Processing by CoinsController#index as HTML
  Rendering layout layouts/application.html.erb
  Rendering coins/index.html.erb within layouts/application
  [1m[36mCoin Load (0.1ms)[0m  [1m[34mSELECT "coins".* FROM "coins"[0m
  ↳ app/views/coins/index.html.erb:15
  Rendered coins/index.html.erb within layouts/application (Duration: 14.0ms | Allocations: 4220)
  Rendered layout layouts/application.html.erb (Duration: 28.1ms | Allocations: 18709)
Completed 200 OK in 31ms (Views: 13.6ms | ActiveRecord: 15.8ms | Allocations: 20265)


Started GET "/coins" for ::1 at 2023-12-04 13:26:49 -0300
Processing by CoinsController#index as HTML
  Rendering layout layouts/application.html.erb
  Rendering coins/index.html.erb within layouts/application
  [1m[36mCoin Load (0.2ms)[0m  [1m[34mSELECT "coins".* FROM "coins"[0m
  ↳ app/views/coins/index.html.erb:15
  Rendered coins/index.html.erb within layouts/application (Duration: 2.4ms | Allocations: 735)
  Rendered layout layouts/application.html.erb (Duration: 7.2ms | Allocations: 2838)
Completed 200 OK in 9ms (Views: 8.4ms | ActiveRecord: 0.1ms | Allocations: 3103)


Started GET "/coins" for ::1 at 2023-12-04 14:46:31 -0300
  [1m[36mActiveRecord::SchemaMigration Load (0.2ms)[0m  [1m[34mSELECT "schema_migrations"."version" FROM "schema_migrations" ORDER BY "schema_migrations"."version" ASC[0m
Processing by CoinsController#index as HTML
  Rendering layout layouts/application.html.erb
  Rendering coins/index.html.erb within layouts/application
  [1m[36mCoin Load (0.1ms)[0m  [1m[34mSELECT "coins".* FROM "coins"[0m
  ↳ app/views/coins/index.html.erb:15
  Rendered coins/index.html.erb within layouts/application (Duration: 35.9ms | Allocations: 13043)
  Rendered layout layouts/application.html.erb (Duration: 95.2ms | Allocations: 49028)
Completed 200 OK in 120ms (Views: 96.8ms | ActiveRecord: 2.0ms | Allocations: 58928)


Started GET "/coins" for ::1 at 2023-12-04 14:47:01 -0300
Processing by CoinsController#index as HTML
  Rendering layout layouts/application.html.erb
  Rendering coins/index.html.erb within layouts/application
  [1m[36mCoin Load (0.1ms)[0m  [1m[34mSELECT "coins".* FROM "coins"[0m
  ↳ app/views/coins/index.html.erb:15
  Rendered coins/index.html.erb within layouts/application (Duration: 6.8ms | Allocations: 4294)
  Rendered layout layouts/application.html.erb (Duration: 26.6ms | Allocations: 18724)
Completed 200 OK in 30ms (Views: 25.8ms | ActiveRecord: 2.1ms | Allocations: 20282)


Started GET "/coins/1" for ::1 at 2023-12-04 14:53:05 -0300
Processing by CoinsController#show as HTML
  Parameters: {"id"=>"1"}
  [1m[36mCoin Load (1.3ms)[0m  [1m[34mSELECT "coins".* FROM "coins" WHERE "coins"."id" = ? LIMIT ?[0m  [["id", 1], ["LIMIT", 1]]
  ↳ app/controllers/coins_controller.rb:63:in `set_coin'
  Rendering layout layouts/application.html.erb
  Rendering coins/show.html.erb within layouts/application
  Rendered coins/_coin.html.erb (Duration: 0.6ms | Allocations: 225)
  Rendered coins/show.html.erb within layouts/application (Duration: 4.5ms | Allocations: 1258)
  Rendered layout layouts/application.html.erb (Duration: 15.6ms | Allocations: 15614)
Completed 200 OK in 35ms (Views: 17.0ms | ActiveRecord: 1.9ms | Allocations: 21986)


Started GET "/coins/1/edit" for ::1 at 2023-12-04 14:53:07 -0300
Processing by CoinsController#edit as HTML
  Parameters: {"id"=>"1"}
  [1m[36mCoin Load (0.2ms)[0m  [1m[34mSELECT "coins".* FROM "coins" WHERE "coins"."id" = ? LIMIT ?[0m  [["id", 1], ["LIMIT", 1]]
  ↳ app/controllers/coins_controller.rb:63:in `set_coin'
  Rendering layout layouts/application.html.erb
  Rendering coins/edit.html.erb within layouts/application
  Rendered coins/_form.html.erb (Duration: 21.1ms | Allocations: 2172)
  Rendered coins/edit.html.erb within layouts/application (Duration: 24.4ms | Allocations: 2498)
  Rendered layout layouts/application.html.erb (Duration: 28.0ms | Allocations: 4596)
Completed 200 OK in 33ms (Views: 29.0ms | ActiveRecord: 0.2ms | Allocations: 5272)


Started GET "/coins/1/edit" for ::1 at 2023-12-04 14:53:09 -0300
Processing by CoinsController#edit as HTML
  Parameters: {"id"=>"1"}
  [1m[36mCoin Load (0.1ms)[0m  [1m[34mSELECT "coins".* FROM "coins" WHERE "coins"."id" = ? LIMIT ?[0m  [["id", 1], ["LIMIT", 1]]
  ↳ app/controllers/coins_controller.rb:63:in `set_coin'
  Rendering layout layouts/application.html.erb
  Rendering coins/edit.html.erb within layouts/application
  Rendered coins/_form.html.erb (Duration: 2.4ms | Allocations: 978)
  Rendered coins/edit.html.erb within layouts/application (Duration: 3.3ms | Allocations: 1082)
  Rendered layout layouts/application.html.erb (Duration: 8.0ms | Allocations: 3180)
Completed 200 OK in 12ms (Views: 9.5ms | ActiveRecord: 0.1ms | Allocations: 3792)


Started GET "/coins/1" for ::1 at 2023-12-04 14:53:12 -0300
Processing by CoinsController#show as HTML
  Parameters: {"id"=>"1"}
  [1m[36mCoin Load (0.2ms)[0m  [1m[34mSELECT "coins".* FROM "coins" WHERE "coins"."id" = ? LIMIT ?[0m  [["id", 1], ["LIMIT", 1]]
  ↳ app/controllers/coins_controller.rb:63:in `set_coin'
  Rendering layout layouts/application.html.erb
  Rendering coins/show.html.erb within layouts/application
  Rendered coins/_coin.html.erb (Duration: 0.5ms | Allocations: 21)
  Rendered coins/show.html.erb within layouts/application (Duration: 3.4ms | Allocations: 473)
  Rendered layout layouts/application.html.erb (Duration: 10.1ms | Allocations: 2571)
Completed 200 OK in 15ms (Views: 11.2ms | ActiveRecord: 0.2ms | Allocations: 3171)


Started GET "/coins" for ::1 at 2023-12-04 14:53:14 -0300
Processing by CoinsController#index as HTML
  Rendering layout layouts/application.html.erb
  Rendering coins/index.html.erb within layouts/application
  [1m[36mCoin Load (0.2ms)[0m  [1m[34mSELECT "coins".* FROM "coins"[0m
  ↳ app/views/coins/index.html.erb:15
  Rendered coins/index.html.erb within layouts/application (Duration: 3.2ms | Allocations: 1030)
  Rendered layout layouts/application.html.erb (Duration: 7.2ms | Allocations: 3133)
Completed 200 OK in 8ms (Views: 7.6ms | ActiveRecord: 0.2ms | Allocations: 3479)


Started GET "/coins/2" for ::1 at 2023-12-04 14:53:15 -0300
Processing by CoinsController#show as HTML
  Parameters: {"id"=>"2"}
  [1m[36mCoin Load (0.2ms)[0m  [1m[34mSELECT "coins".* FROM "coins" WHERE "coins"."id" = ? LIMIT ?[0m  [["id", 2], ["LIMIT", 1]]
  ↳ app/controllers/coins_controller.rb:63:in `set_coin'
  Rendering layout layouts/application.html.erb
  Rendering coins/show.html.erb within layouts/application
  Rendered coins/_coin.html.erb (Duration: 0.1ms | Allocations: 21)
  Rendered coins/show.html.erb within layouts/application (Duration: 1.9ms | Allocations: 488)
  Rendered layout layouts/application.html.erb (Duration: 7.7ms | Allocations: 2618)
Completed 200 OK in 12ms (Views: 8.4ms | ActiveRecord: 0.2ms | Allocations: 3220)


Started GET "/coins/2/edit" for ::1 at 2023-12-04 14:53:17 -0300
Processing by CoinsController#edit as HTML
  Parameters: {"id"=>"2"}
  [1m[36mCoin Load (0.2ms)[0m  [1m[34mSELECT "coins".* FROM "coins" WHERE "coins"."id" = ? LIMIT ?[0m  [["id", 2], ["LIMIT", 1]]
  ↳ app/controllers/coins_controller.rb:63:in `set_coin'
  Rendering layout layouts/application.html.erb
  Rendering coins/edit.html.erb within layouts/application
  Rendered coins/_form.html.erb (Duration: 4.7ms | Allocations: 963)
  Rendered coins/edit.html.erb within layouts/application (Duration: 6.4ms | Allocations: 1067)
  Rendered layout layouts/application.html.erb (Duration: 13.1ms | Allocations: 3182)
Completed 200 OK in 17ms (Views: 14.2ms | ActiveRecord: 0.2ms | Allocations: 3783)


Started GET "/coin" for ::1 at 2023-12-04 14:53:25 -0300
  
ActionController::RoutingError (No route matches [GET] "/coin"):
  
Started GET "/coins/new" for ::1 at 2023-12-04 14:53:27 -0300
Processing by CoinsController#new as HTML
  Rendering layout layouts/application.html.erb
  Rendering coins/new.html.erb within layouts/application
  Rendered coins/_form.html.erb (Duration: 1.9ms | Allocations: 1716)
  Rendered coins/new.html.erb within layouts/application (Duration: 3.0ms | Allocations: 1915)
  Rendered layout layouts/application.html.erb (Duration: 3.3ms | Allocations: 2006)
Completed 500 Internal Server Error in 10ms (ActiveRecord: 0.0ms | Allocations: 2357)


  
ActionView::Template::Error (Nil location provided. Can't build URI.):
    24:   <div>
    25:     <%= form.label :url_image, style: "display: block" %>
    26:     <%= form.text_field :url_image %>
    27:     <%= image_tag coin.url_image, widget:30, height:30 %>
    28:   </div>
    29: 
    30:   <div>
  
app/views/coins/_form.html.erb:27
app/views/coins/_form.html.erb:1
app/views/coins/new.html.erb:3
Started GET "/coins" for ::1 at 2023-12-04 14:53:30 -0300
Processing by CoinsController#index as HTML
  Rendering layout layouts/application.html.erb
  Rendering coins/index.html.erb within layouts/application
  [1m[36mCoin Load (0.2ms)[0m  [1m[34mSELECT "coins".* FROM "coins"[0m
  ↳ app/views/coins/index.html.erb:15
  Rendered coins/index.html.erb within layouts/application (Duration: 2.6ms | Allocations: 736)
  Rendered layout layouts/application.html.erb (Duration: 5.9ms | Allocations: 2871)
Completed 200 OK in 7ms (Views: 6.7ms | ActiveRecord: 0.1ms | Allocations: 3128)


Started GET "/wellcome/index" for ::1 at 2023-12-05 08:50:13 -0300
  [1m[36mActiveRecord::SchemaMigration Load (0.2ms)[0m  [1m[34mSELECT "schema_migrations"."version" FROM "schema_migrations" ORDER BY "schema_migrations"."version" ASC[0m
Processing by WellcomeController#index as HTML
  Rendering layout layouts/application.html.erb
  Rendering wellcome/index.html.erb within layouts/application
  Rendered wellcome/index.html.erb within layouts/application (Duration: 1.1ms | Allocations: 409)
  Rendered layout layouts/application.html.erb (Duration: 143.2ms | Allocations: 37014)
Completed 200 OK in 171ms (Views: 160.6ms | ActiveRecord: 0.0ms | Allocations: 41083)


Started GET "/wellcome/index" for ::1 at 2023-12-05 08:50:36 -0300
Processing by WellcomeController#index as HTML
  Rendering layout layouts/application.html.erb
  Rendering wellcome/index.html.erb within layouts/application
  Rendered wellcome/index.html.erb within layouts/application (Duration: 0.6ms | Allocations: 204)
  Rendered layout layouts/application.html.erb (Duration: 33.2ms | Allocations: 15761)
Completed 200 OK in 36ms (Views: 34.6ms | ActiveRecord: 0.0ms | Allocations: 16668)


Started GET "/wellcome/index" for ::1 at 2023-12-05 08:52:49 -0300
Processing by WellcomeController#index as HTML
  Rendering layout layouts/application.html.erb
  Rendering wellcome/index.html.erb within layouts/application
  Rendered wellcome/index.html.erb within layouts/application (Duration: 0.6ms | Allocations: 207)
  Rendered layout layouts/application.html.erb (Duration: 13.8ms | Allocations: 14912)
Completed 200 OK in 16ms (Views: 15.2ms | ActiveRecord: 0.0ms | Allocations: 15821)


Started GET "/wellcome/index" for ::1 at 2023-12-05 08:59:04 -0300
Processing by WellcomeController#index as HTML
  Rendering layout layouts/application.html.erb
  Rendering wellcome/index.html.erb within layouts/application
  Rendered wellcome/index.html.erb within layouts/application (Duration: 7.9ms | Allocations: 1413)
  Rendered layout layouts/application.html.erb (Duration: 8.1ms | Allocations: 1505)
Completed 500 Internal Server Error in 10ms (ActiveRecord: 0.0ms | Allocations: 2403)


  
ActionView::Template::Error (undefined method `data_br' for #<ActionView::Base:0x00000000015d38>):
    1: <h1>SEJA BEM VINDO!!!!!!!!!!!!!!!!!!!!1</h1>
    2: <p>
    3:    <strong> Data: </<strong>> <%= data_br(Date.today) %>
    4: </p>
    5: <p>
    6:     <%= link_to 'CADASTRO DE MOEDAS', coins_path %>
  
app/views/wellcome/index.html.erb:3
Started GET "/wellcome/index" for ::1 at 2023-12-05 08:59:16 -0300
Processing by WellcomeController#index as HTML
  Rendering layout layouts/application.html.erb
  Rendering wellcome/index.html.erb within layouts/application
  Rendered wellcome/index.html.erb within layouts/application (Duration: 1.0ms | Allocations: 1106)
  Rendered layout layouts/application.html.erb (Duration: 1.3ms | Allocations: 1198)
Completed 500 Internal Server Error in 8ms (ActiveRecord: 0.0ms | Allocations: 2081)


  
ActionView::Template::Error (undefined method `data_br' for #<ActionView::Base:0x00000000019a00>):
    1: <h1>SEJA BEM VINDO!!!!!!!!!!!!!!!!!!!!1</h1>
    2: <p>
    3:    <strong> Data: </<strong>> <%= data_br(Date.today) %>
    4: </p>
    5: <p>
    6:     <%= link_to 'CADASTRO DE MOEDAS', coins_path %>
  
app/views/wellcome/index.html.erb:3
Started GET "/wellcome/index" for ::1 at 2023-12-05 08:59:32 -0300
Processing by WellcomeController#index as HTML
  Rendering layout layouts/application.html.erb
  Rendering wellcome/index.html.erb within layouts/application
  Rendered wellcome/index.html.erb within layouts/application (Duration: 1.1ms | Allocations: 1108)
  Rendered layout layouts/application.html.erb (Duration: 1.3ms | Allocations: 1200)
Completed 500 Internal Server Error in 3ms (ActiveRecord: 0.0ms | Allocations: 2085)


  
ActionView::Template::Error (undefined method `data_br' for #<ActionView::Base:0x0000000001d6a0>):
    1: <h1>SEJA BEM VINDO!!!!!!!!!!!!!!!!!!!!1</h1>
    2: <p>
    3:    <strong> Data: </strong> <%= data_br(Date.today) %>
    4: </p>
    5: <p>
    6:     <%= link_to 'CADASTRO DE MOEDAS', coins_path %>
  
app/views/wellcome/index.html.erb:3
Started GET "/wellcome/index" for ::1 at 2023-12-05 09:02:29 -0300
Processing by WellcomeController#index as HTML
  Rendering layout layouts/application.html.erb
  Rendering wellcome/index.html.erb within layouts/application
  Rendered wellcome/index.html.erb within layouts/application (Duration: 0.7ms | Allocations: 1048)
  Rendered layout layouts/application.html.erb (Duration: 0.9ms | Allocations: 1140)
Completed 500 Internal Server Error in 3ms (ActiveRecord: 0.0ms | Allocations: 2025)


  
ActionView::Template::Error (undefined method `data_br' for #<ActionView::Base:0x00000000021390>):
    1: <h1>SEJA BEM VINDO!!!!!!!!!!!!!!!!!!!!1</h1>
    2: <p>
    3:    <strong> Data: </strong> <%= data_br(Date.today) %>
    4: </p>
    5: <p>
    6:     <%= link_to 'CADASTRO DE MOEDAS', coins_path %>
  
app/views/wellcome/index.html.erb:3
Started GET "/wellcome/index" for ::1 at 2023-12-05 09:03:04 -0300
Processing by WellcomeController#index as HTML
  Rendering layout layouts/application.html.erb
  Rendering wellcome/index.html.erb within layouts/application
  Rendered wellcome/index.html.erb within layouts/application (Duration: 0.7ms | Allocations: 202)
  Rendered layout layouts/application.html.erb (Duration: 15.2ms | Allocations: 14939)
Completed 200 OK in 18ms (Views: 17.0ms | ActiveRecord: 0.0ms | Allocations: 15846)


Started GET "/wellcome/index" for ::1 at 2023-12-05 09:03:04 -0300
Processing by WellcomeController#index as HTML
  Rendering layout layouts/application.html.erb
  Rendering wellcome/index.html.erb within layouts/application
  Rendered wellcome/index.html.erb within layouts/application (Duration: 0.3ms | Allocations: 41)
  Rendered layout layouts/application.html.erb (Duration: 17.3ms | Allocations: 2342)
Completed 200 OK in 19ms (Views: 18.3ms | ActiveRecord: 0.0ms | Allocations: 2586)


Started GET "/up" for ::1 at 2023-12-05 11:32:50 -0300
  [1m[36mActiveRecord::SchemaMigration Load (0.2ms)[0m  [1m[34mSELECT "schema_migrations"."version" FROM "schema_migrations" ORDER BY "schema_migrations"."version" ASC[0m
Processing by Rails::HealthController#show as HTML
  Rendering html template
  Rendered html template (Duration: 0.0ms | Allocations: 9)
Completed 200 OK in 6ms (Views: 4.0ms | ActiveRecord: 0.0ms | Allocations: 2337)


Started GET "/" for ::1 at 2023-12-05 11:32:59 -0300
Processing by Rails::WelcomeController#index as HTML
  Rendering /usr/share/rvm/gems/ruby-3.2.2/gems/railties-7.1.2/lib/rails/templates/rails/welcome/index.html.erb
  Rendered /usr/share/rvm/gems/ruby-3.2.2/gems/railties-7.1.2/lib/rails/templates/rails/welcome/index.html.erb (Duration: 1.1ms | Allocations: 372)
Completed 200 OK in 30ms (Views: 2.3ms | ActiveRecord: 0.0ms | Allocations: 2591)


Started GET "/up" for ::1 at 2023-12-05 11:33:03 -0300
Processing by Rails::HealthController#show as HTML
  Rendering html template
  Rendered html template (Duration: 0.0ms | Allocations: 2)
Completed 200 OK in 1ms (Views: 0.6ms | ActiveRecord: 0.0ms | Allocations: 177)


Started GET "/coins" for ::1 at 2023-12-05 11:33:10 -0300
Processing by CoinsController#index as HTML
  Rendering layout layouts/application.html.erb
  Rendering coins/index.html.erb within layouts/application
  [1m[36mCoin Load (24.2ms)[0m  [1m[34mSELECT "coins".* FROM "coins"[0m
  ↳ app/views/coins/index.html.erb:15
  Rendered coins/index.html.erb within layouts/application (Duration: 77.8ms | Allocations: 12918)
  Rendered layout layouts/application.html.erb (Duration: 147.5ms | Allocations: 48846)
Completed 200 OK in 206ms (Views: 123.2ms | ActiveRecord: 26.3ms | Allocations: 55594)


Started GET "/wellcome/index" for ::1 at 2023-12-05 11:33:15 -0300
Processing by WellcomeController#index as HTML
  Rendering layout layouts/application.html.erb
  Rendering wellcome/index.html.erb within layouts/application
  Rendered wellcome/index.html.erb within layouts/application (Duration: 0.6ms | Allocations: 185)
  Rendered layout layouts/application.html.erb (Duration: 3.8ms | Allocations: 2517)
Completed 200 OK in 5ms (Views: 4.5ms | ActiveRecord: 0.0ms | Allocations: 2975)


Started GET "/" for ::1 at 2023-12-05 11:34:28 -0300
Processing by WellcomeController#index as HTML
  Rendering layout layouts/application.html.erb
  Rendering wellcome/index.html.erb within layouts/application
  Rendered wellcome/index.html.erb within layouts/application (Duration: 0.8ms | Allocations: 206)
  Rendered layout layouts/application.html.erb (Duration: 15.3ms | Allocations: 14929)
Completed 200 OK in 18ms (Views: 17.2ms | ActiveRecord: 0.0ms | Allocations: 15837)


Started GET "/wellcome/index" for ::1 at 2023-12-05 11:34:36 -0300
Processing by WellcomeController#index as HTML
  Rendering layout layouts/application.html.erb
  Rendering wellcome/index.html.erb within layouts/application
  Rendered wellcome/index.html.erb within layouts/application (Duration: 0.2ms | Allocations: 41)
  Rendered layout layouts/application.html.erb (Duration: 3.4ms | Allocations: 2342)
Completed 200 OK in 4ms (Views: 3.8ms | ActiveRecord: 0.0ms | Allocations: 2585)


Started GET "/wellcome/index" for ::1 at 2023-12-05 11:34:44 -0300
  
ActionController::RoutingError (No route matches [GET] "/wellcome/index"):
  
Started GET "/" for ::1 at 2023-12-05 11:34:48 -0300
Processing by WellcomeController#index as HTML
  Rendering layout layouts/application.html.erb
  Rendering wellcome/index.html.erb within layouts/application
  Rendered wellcome/index.html.erb within layouts/application (Duration: 0.6ms | Allocations: 202)
  Rendered layout layouts/application.html.erb (Duration: 14.9ms | Allocations: 14931)
Completed 200 OK in 17ms (Views: 16.8ms | ActiveRecord: 0.0ms | Allocations: 15793)


Started GET "/" for ::1 at 2023-12-05 11:44:42 -0300
  [1m[36mActiveRecord::SchemaMigration Load (0.2ms)[0m  [1m[34mSELECT "schema_migrations"."version" FROM "schema_migrations" ORDER BY "schema_migrations"."version" ASC[0m
Processing by WellcomeController#index as HTML
  Rendering layout layouts/application.html.erb
  Rendering wellcome/index.html.erb within layouts/application
  Rendered wellcome/index.html.erb within layouts/application (Duration: 0.7ms | Allocations: 407)
  Rendered layout layouts/application.html.erb (Duration: 84.6ms | Allocations: 37943)
Completed 200 OK in 95ms (Views: 88.1ms | ActiveRecord: 0.0ms | Allocations: 42011)


Started GET "/coins" for ::1 at 2023-12-05 11:44:47 -0300
Processing by CoinsController#index as HTML
  Rendering layout layouts/application.html.erb
  Rendering coins/index.html.erb within layouts/application
  [1m[36mCoin Load (0.1ms)[0m  [1m[34mSELECT "coins".* FROM "coins"[0m
  ↳ app/views/coins/index.html.erb:15
  Rendered coins/index.html.erb within layouts/application (Duration: 21.9ms | Allocations: 11615)
  Rendered layout layouts/application.html.erb (Duration: 26.1ms | Allocations: 13733)
Completed 200 OK in 52ms (Views: 24.8ms | ActiveRecord: 2.1ms | Allocations: 20058)


Started GET "/" for ::1 at 2023-12-05 13:58:21 -0300
  [1m[36mActiveRecord::SchemaMigration Load (0.2ms)[0m  [1m[34mSELECT "schema_migrations"."version" FROM "schema_migrations" ORDER BY "schema_migrations"."version" ASC[0m
Processing by WellcomeController#index as HTML
  Rendering layout layouts/application.html.erb
  Rendering wellcome/index.html.erb within layouts/application
  Rendered wellcome/index.html.erb within layouts/application (Duration: 0.7ms | Allocations: 407)
  Rendered layout layouts/application.html.erb (Duration: 69.8ms | Allocations: 37799)
Completed 200 OK in 80ms (Views: 72.9ms | ActiveRecord: 0.0ms | Allocations: 41867)


  [1m[36mCoin Load (0.4ms)[0m  [1m[34mSELECT "coins".* FROM "coins" ORDER BY "coins"."id" ASC LIMIT ?[0m  [["LIMIT", 1]]
  [1m[36mCoin Load (0.4ms)[0m  [1m[34mSELECT "coins".* FROM "coins" ORDER BY "coins"."id" DESC LIMIT ?[0m  [["LIMIT", 1]]
  [1m[36mCoin Load (0.3ms)[0m  [1m[34mSELECT "coins".* FROM "coins"[0m
Started GET "/coins" for ::1 at 2023-12-05 14:41:55 -0300
Processing by CoinsController#index as HTML
  Rendering layout layouts/application.html.erb
  Rendering coins/index.html.erb within layouts/application
  [1m[36mCoin Load (0.1ms)[0m  [1m[34mSELECT "coins".* FROM "coins"[0m
  ↳ app/views/coins/index.html.erb:15
  Rendered coins/index.html.erb within layouts/application (Duration: 23.4ms | Allocations: 11621)
  Rendered layout layouts/application.html.erb (Duration: 26.7ms | Allocations: 13739)
Completed 200 OK in 45ms (Views: 26.7ms | ActiveRecord: 1.8ms | Allocations: 20064)


Started GET "/coins" for ::1 at 2023-12-05 14:42:39 -0300
Processing by CoinsController#index as HTML
  Rendering layout layouts/application.html.erb
  Rendering coins/index.html.erb within layouts/application
  [1m[36mCoin Load (0.1ms)[0m  [1m[34mSELECT "coins".* FROM "coins"[0m
  ↳ app/views/coins/index.html.erb:15
  Rendered coins/index.html.erb within layouts/application (Duration: 2.2ms | Allocations: 739)
  Rendered layout layouts/application.html.erb (Duration: 5.3ms | Allocations: 2842)
Completed 200 OK in 6ms (Views: 5.8ms | ActiveRecord: 0.1ms | Allocations: 3107)


  [1m[36mTRANSACTION (0.2ms)[0m  [1m[36mbegin transaction[0m
  [1m[36mCoin Create (1.6ms)[0m  [1m[32mINSERT INTO "coins" ("description", "acronym", "url_image", "created_at", "updated_at") VALUES (?, ?, ?, ?, ?) RETURNING "id"[0m  [["description", "Dash"], ["acronym", "DASH"], ["url_image", "https://cdn2.iconfinder.com/data/icons/bitcoin-73/128/dash-512.png"], ["created_at", "2023-12-05 17:45:42.073796"], ["updated_at", "2023-12-05 17:45:42.073796"]]
  [1m[36mTRANSACTION (40.7ms)[0m  [1m[36mcommit transaction[0m
Started GET "/coins" for ::1 at 2023-12-05 14:46:27 -0300
Processing by CoinsController#index as HTML
  Rendering layout layouts/application.html.erb
  Rendering coins/index.html.erb within layouts/application
  [1m[36mCoin Load (0.2ms)[0m  [1m[34mSELECT "coins".* FROM "coins"[0m
  ↳ app/views/coins/index.html.erb:15
  Rendered coins/index.html.erb within layouts/application (Duration: 2.8ms | Allocations: 789)
  Rendered layout layouts/application.html.erb (Duration: 7.5ms | Allocations: 2892)
Completed 200 OK in 9ms (Views: 7.9ms | ActiveRecord: 0.2ms | Allocations: 3157)


  [1m[36mCoin Load (0.2ms)[0m  [1m[34mSELECT "coins".* FROM "coins" ORDER BY "coins"."id" DESC LIMIT ?[0m  [["LIMIT", 1]]
Started GET "/coins" for ::1 at 2023-12-05 14:54:39 -0300
  [1m[36mActiveRecord::SchemaMigration Load (0.2ms)[0m  [1m[34mSELECT "schema_migrations"."version" FROM "schema_migrations" ORDER BY "schema_migrations"."version" ASC[0m
Processing by CoinsController#index as HTML
  Rendering layout layouts/application.html.erb
  Rendering coins/index.html.erb within layouts/application
  [1m[36mCoin Load (0.1ms)[0m  [1m[34mSELECT "coins".* FROM "coins"[0m
  ↳ app/views/coins/index.html.erb:15
  Rendered coins/index.html.erb within layouts/application (Duration: 29.5ms | Allocations: 13088)
  Rendered layout layouts/application.html.erb (Duration: 100.8ms | Allocations: 49164)
Completed 200 OK in 123ms (Views: 102.3ms | ActiveRecord: 2.0ms | Allocations: 59056)


Started GET "/" for ::1 at 2023-12-05 14:54:43 -0300
Processing by WellcomeController#index as HTML
  Rendering layout layouts/application.html.erb
  Rendering wellcome/index.html.erb within layouts/application
  Rendered wellcome/index.html.erb within layouts/application (Duration: 0.7ms | Allocations: 214)
  Rendered layout layouts/application.html.erb (Duration: 4.5ms | Allocations: 2552)
Completed 200 OK in 7ms (Views: 5.9ms | ActiveRecord: 0.0ms | Allocations: 3048)


Started GET "/" for ::1 at 2023-12-05 14:55:01 -0300
Processing by WellcomeController#index as HTML
  Rendering layout layouts/application.html.erb
  Rendering wellcome/index.html.erb within layouts/application
  Rendered wellcome/index.html.erb within layouts/application (Duration: 0.7ms | Allocations: 224)
  Rendered layout layouts/application.html.erb (Duration: 13.5ms | Allocations: 14809)
Completed 200 OK in 16ms (Views: 14.9ms | ActiveRecord: 0.0ms | Allocations: 15716)


Started GET "/" for ::1 at 2023-12-05 14:57:38 -0300
Processing by WellcomeController#index as HTML
  Rendering layout layouts/application.html.erb
  Rendering wellcome/index.html.erb within layouts/application
  Rendered wellcome/index.html.erb within layouts/application (Duration: 0.5ms | Allocations: 223)
  Rendered layout layouts/application.html.erb (Duration: 18.5ms | Allocations: 14958)
Completed 200 OK in 21ms (Views: 19.9ms | ActiveRecord: 0.0ms | Allocations: 15863)


Started GET "/" for ::1 at 2023-12-05 14:57:42 -0300
Processing by WellcomeController#index as HTML
  Rendering layout layouts/application.html.erb
  Rendering wellcome/index.html.erb within layouts/application
  Rendered wellcome/index.html.erb within layouts/application (Duration: 0.5ms | Allocations: 228)
  Rendered layout layouts/application.html.erb (Duration: 14.6ms | Allocations: 14845)
Completed 200 OK in 17ms (Views: 16.4ms | ActiveRecord: 0.0ms | Allocations: 15752)


Started GET "/" for ::1 at 2023-12-05 15:15:00 -0300
Processing by WellcomeController#index as HTML
  Rendering layout layouts/application.html.erb
  Rendering wellcome/index.html.erb within layouts/application
  Rendered wellcome/index.html.erb within layouts/application (Duration: 1.2ms | Allocations: 248)
  Rendered layout layouts/application.html.erb (Duration: 12.7ms | Allocations: 14986)
Completed 200 OK in 15ms (Views: 14.7ms | ActiveRecord: 0.0ms | Allocations: 15897)


Started GET "/" for ::1 at 2023-12-11 08:51:40 -0300
  [1m[36mActiveRecord::SchemaMigration Load (0.4ms)[0m  [1m[34mSELECT "schema_migrations"."version" FROM "schema_migrations" ORDER BY "schema_migrations"."version" ASC[0m
Processing by WellcomeController#index as HTML
  Rendering layout layouts/application.html.erb
  Rendering wellcome/index.html.erb within layouts/application
  Rendered wellcome/index.html.erb within layouts/application (Duration: 1.6ms | Allocations: 453)
  Rendered layout layouts/application.html.erb (Duration: 250.0ms | Allocations: 37066)
Completed 200 OK in 276ms (Views: 267.5ms | ActiveRecord: 0.0ms | Allocations: 41132)


Started GET "/?nome=teste_nome_aaaaaaa" for ::1 at 2023-12-11 08:55:22 -0300
Processing by WellcomeController#index as HTML
  Parameters: {"nome"=>"teste_nome_aaaaaaa"}
  Rendering layout layouts/application.html.erb
  Rendering wellcome/index.html.erb within layouts/application
  Rendered wellcome/index.html.erb within layouts/application (Duration: 0.6ms | Allocations: 246)
  Rendered layout layouts/application.html.erb (Duration: 36.4ms | Allocations: 15984)
Completed 200 OK in 39ms (Views: 37.7ms | ActiveRecord: 0.0ms | Allocations: 16905)


Started GET "/?nome=teste_nome_aaaaaaa" for ::1 at 2023-12-11 08:55:56 -0300
Processing by WellcomeController#index as HTML
  Parameters: {"nome"=>"teste_nome_aaaaaaa"}
  Rendering layout layouts/application.html.erb
  Rendering wellcome/index.html.erb within layouts/application
  Rendered wellcome/index.html.erb within layouts/application (Duration: 0.6ms | Allocations: 249)
  Rendered layout layouts/application.html.erb (Duration: 16.1ms | Allocations: 14786)
Completed 200 OK in 18ms (Views: 17.5ms | ActiveRecord: 0.0ms | Allocations: 15701)


Started GET "/?nome=teste_nome_aaaaaaa" for ::1 at 2023-12-11 09:53:56 -0300
Processing by WellcomeController#index as HTML
  Parameters: {"nome"=>"teste_nome_aaaaaaa"}
  Rendering layout layouts/application.html.erb
  Rendering wellcome/index.html.erb within layouts/application
  Rendered wellcome/_menu.html.erb (Duration: 0.3ms | Allocations: 183)
  Rendered wellcome/index.html.erb within layouts/application (Duration: 1.1ms | Allocations: 535)
  Rendered layout layouts/application.html.erb (Duration: 14.0ms | Allocations: 15136)
Completed 200 OK in 16ms (Views: 15.2ms | ActiveRecord: 0.0ms | Allocations: 16054)


Started GET "/?nome=teste_nome_aaaaaaa" for ::1 at 2023-12-11 10:18:23 -0300
Processing by WellcomeController#index as HTML
  Parameters: {"nome"=>"teste_nome_aaaaaaa"}
  Rendering layout layouts/application.html.erb
  Rendering wellcome/index.html.erb within layouts/application
  Rendered wellcome/_menu.html.erb (Duration: 0.5ms | Allocations: 177)
  Rendered wellcome/index.html.erb within layouts/application (Duration: 1.2ms | Allocations: 486)
  Rendered layout layouts/application.html.erb (Duration: 16.9ms | Allocations: 15112)
Completed 200 OK in 19ms (Views: 18.0ms | ActiveRecord: 0.0ms | Allocations: 16027)


Started GET "/?nome=teste_nome_aaaaaaa" for ::1 at 2023-12-11 10:19:25 -0300
Processing by WellcomeController#index as HTML
  Parameters: {"nome"=>"teste_nome_aaaaaaa"}
  Rendering layout layouts/application.html.erb
  Rendering wellcome/index.html.erb within layouts/application
  Rendered wellcome/_menu.html.erb (Duration: 0.7ms | Allocations: 177)
  Rendered wellcome/index.html.erb within layouts/application (Duration: 1.4ms | Allocations: 488)
  Rendered layout layouts/application.html.erb (Duration: 12.6ms | Allocations: 15120)
Completed 200 OK in 15ms (Views: 13.8ms | ActiveRecord: 0.0ms | Allocations: 16035)


Started GET "/?nome=teste_nome_aaaaaaa" for ::1 at 2023-12-11 10:22:04 -0300
Processing by WellcomeController#index as HTML
  Parameters: {"nome"=>"teste_nome_aaaaaaa"}
  Rendering layout layouts/application.html.erb
  Rendering wellcome/index.html.erb within layouts/application
  Rendered wellcome/_menu.html.erb (Duration: 0.4ms | Allocations: 177)
  Rendered wellcome/index.html.erb within layouts/application (Duration: 1.3ms | Allocations: 486)
  Rendered layout layouts/application.html.erb (Duration: 19.0ms | Allocations: 15225)
Completed 200 OK in 21ms (Views: 20.1ms | ActiveRecord: 0.0ms | Allocations: 16138)


Started GET "/coins" for ::1 at 2023-12-11 10:22:05 -0300
Processing by CoinsController#index as HTML
  Rendering layout layouts/teste.html.erb
  Rendering coins/index.html.erb within layouts/teste
  [1m[36mCoin Load (0.1ms)[0m  [1m[34mSELECT "coins".* FROM "coins"[0m
  ↳ app/views/coins/index.html.erb:15
  Rendered coins/index.html.erb within layouts/teste (Duration: 32.3ms | Allocations: 11663)
  Rendered layout layouts/teste.html.erb (Duration: 35.6ms | Allocations: 13985)
Completed 200 OK in 61ms (Views: 34.6ms | ActiveRecord: 2.2ms | Allocations: 20279)


Started GET "/coins" for ::1 at 2023-12-11 10:24:45 -0300
Processing by CoinsController#index as HTML
  Rendering layout layouts/teste.html.erb
  Rendering coins/index.html.erb within layouts/teste
  [1m[36mCoin Load (0.1ms)[0m  [1m[34mSELECT "coins".* FROM "coins"[0m
  ↳ app/views/coins/index.html.erb:15
  Rendered coins/index.html.erb within layouts/teste (Duration: 1.6ms | Allocations: 803)
  Rendered layout layouts/teste.html.erb (Duration: 5.5ms | Allocations: 2902)
Completed 200 OK in 7ms (Views: 6.5ms | ActiveRecord: 0.1ms | Allocations: 3146)


Started GET "/coins/1" for ::1 at 2023-12-11 10:24:46 -0300
Processing by CoinsController#show as HTML
  Parameters: {"id"=>"1"}
  [1m[36mCoin Load (0.1ms)[0m  [1m[34mSELECT "coins".* FROM "coins" WHERE "coins"."id" = ? LIMIT ?[0m  [["id", 1], ["LIMIT", 1]]
  ↳ app/controllers/coins_controller.rb:64:in `set_coin'
  Rendering layout layouts/teste.html.erb
  Rendering coins/show.html.erb within layouts/teste
  Rendered coins/_coin.html.erb (Duration: 0.5ms | Allocations: 209)
  Rendered coins/show.html.erb within layouts/teste (Duration: 2.9ms | Allocations: 1127)
  Rendered layout layouts/teste.html.erb (Duration: 5.4ms | Allocations: 3222)
Completed 200 OK in 43ms (Views: 6.4ms | ActiveRecord: 0.1ms | Allocations: 9673)


Started GET "/coins/1/edit" for ::1 at 2023-12-11 10:24:58 -0300
Processing by CoinsController#edit as HTML
  Parameters: {"id"=>"1"}
  [1m[36mCoin Load (0.2ms)[0m  [1m[34mSELECT "coins".* FROM "coins" WHERE "coins"."id" = ? LIMIT ?[0m  [["id", 1], ["LIMIT", 1]]
  ↳ app/controllers/coins_controller.rb:64:in `set_coin'
  Rendering layout layouts/teste.html.erb
  Rendering coins/edit.html.erb within layouts/teste
  Rendered coins/_form.html.erb (Duration: 13.5ms | Allocations: 2159)
  Rendered coins/edit.html.erb within layouts/teste (Duration: 15.6ms | Allocations: 2478)
  Rendered layout layouts/teste.html.erb (Duration: 20.0ms | Allocations: 4572)
Completed 200 OK in 25ms (Views: 21.4ms | ActiveRecord: 0.2ms | Allocations: 5225)


Started GET "/" for ::1 at 2023-12-11 10:30:53 -0300
Processing by WellcomeController#index as HTML
  Rendering layout layouts/application.html.erb
  Rendering wellcome/index.html.erb within layouts/application
  Rendered wellcome/_menu.html.erb (Duration: 0.4ms | Allocations: 177)
  Rendered wellcome/index.html.erb within layouts/application (Duration: 1.1ms | Allocations: 485)
  Rendered layout layouts/application.html.erb (Duration: 20.1ms | Allocations: 15229)
Completed 200 OK in 23ms (Views: 21.9ms | ActiveRecord: 0.0ms | Allocations: 16145)


Started GET "/coins" for ::1 at 2023-12-11 10:30:55 -0300
Processing by CoinsController#index as HTML
  Rendering layout layouts/teste.html.erb
  Rendering coins/index.html.erb within layouts/teste
  [1m[36mCoin Load (1.9ms)[0m  [1m[34mSELECT "coins".* FROM "coins"[0m
  ↳ app/views/coins/index.html.erb:15
  Rendered coins/index.html.erb within layouts/teste (Duration: 10.8ms | Allocations: 4110)
  Rendered layout layouts/teste.html.erb (Duration: 15.2ms | Allocations: 6430)
Completed 200 OK in 23ms (Views: 13.9ms | ActiveRecord: 3.0ms | Allocations: 7506)


Started GET "/coins/3/edit" for ::1 at 2023-12-11 10:30:59 -0300
Processing by CoinsController#edit as HTML
  Parameters: {"id"=>"3"}
  [1m[36mCoin Load (0.2ms)[0m  [1m[34mSELECT "coins".* FROM "coins" WHERE "coins"."id" = ? LIMIT ?[0m  [["id", 3], ["LIMIT", 1]]
  ↳ app/controllers/coins_controller.rb:64:in `set_coin'
  Rendering layout layouts/teste.html.erb
  Rendering coins/edit.html.erb within layouts/teste
  Rendered coins/_form.html.erb (Duration: 3.4ms | Allocations: 1393)
  Rendered coins/edit.html.erb within layouts/teste (Duration: 4.9ms | Allocations: 1708)
  Rendered layout layouts/teste.html.erb (Duration: 8.8ms | Allocations: 3802)
Completed 200 OK in 14ms (Views: 9.4ms | ActiveRecord: 0.2ms | Allocations: 5075)


Started GET "/coins/3" for ::1 at 2023-12-11 10:31:02 -0300
Processing by CoinsController#show as HTML
  Parameters: {"id"=>"3"}
  [1m[36mCoin Load (0.2ms)[0m  [1m[34mSELECT "coins".* FROM "coins" WHERE "coins"."id" = ? LIMIT ?[0m  [["id", 3], ["LIMIT", 1]]
  ↳ app/controllers/coins_controller.rb:64:in `set_coin'
  Rendering layout layouts/teste.html.erb
  Rendering coins/show.html.erb within layouts/teste
  Rendered coins/_coin.html.erb (Duration: 1.3ms | Allocations: 190)
  Rendered coins/show.html.erb within layouts/teste (Duration: 6.7ms | Allocations: 944)
  Rendered layout layouts/teste.html.erb (Duration: 14.9ms | Allocations: 3038)
Completed 200 OK in 22ms (Views: 16.2ms | ActiveRecord: 0.2ms | Allocations: 3705)


Started GET "/coins/2" for ::1 at 2023-12-11 10:31:08 -0300
Processing by CoinsController#show as HTML
  Parameters: {"id"=>"2"}
  [1m[36mCoin Load (0.2ms)[0m  [1m[34mSELECT "coins".* FROM "coins" WHERE "coins"."id" = ? LIMIT ?[0m  [["id", 2], ["LIMIT", 1]]
  ↳ app/controllers/coins_controller.rb:64:in `set_coin'
  Rendering layout layouts/teste.html.erb
  Rendering coins/show.html.erb within layouts/teste
  Rendered coins/_coin.html.erb (Duration: 0.2ms | Allocations: 21)
  Rendered coins/show.html.erb within layouts/teste (Duration: 2.7ms | Allocations: 475)
  Rendered layout layouts/teste.html.erb (Duration: 9.9ms | Allocations: 2570)
Completed 200 OK in 14ms (Views: 11.0ms | ActiveRecord: 0.2ms | Allocations: 3151)


Started GET "/coins/2" for ::1 at 2023-12-11 10:31:10 -0300
Processing by CoinsController#show as HTML
  Parameters: {"id"=>"2"}
  [1m[36mCoin Load (0.2ms)[0m  [1m[34mSELECT "coins".* FROM "coins" WHERE "coins"."id" = ? LIMIT ?[0m  [["id", 2], ["LIMIT", 1]]
  ↳ app/controllers/coins_controller.rb:64:in `set_coin'
  Rendering layout layouts/teste.html.erb
  Rendering coins/show.html.erb within layouts/teste
  Rendered coins/_coin.html.erb (Duration: 0.1ms | Allocations: 21)
  Rendered coins/show.html.erb within layouts/teste (Duration: 2.0ms | Allocations: 478)
  Rendered layout layouts/teste.html.erb (Duration: 7.7ms | Allocations: 2572)
Completed 200 OK in 12ms (Views: 8.7ms | ActiveRecord: 0.1ms | Allocations: 3159)


Started GET "/coins" for ::1 at 2023-12-11 10:31:17 -0300
Processing by CoinsController#index as HTML
  Rendering layout layouts/teste.html.erb
  Rendering coins/index.html.erb within layouts/teste
  [1m[36mCoin Load (0.1ms)[0m  [1m[34mSELECT "coins".* FROM "coins"[0m
  ↳ app/views/coins/index.html.erb:15
  Rendered coins/index.html.erb within layouts/teste (Duration: 7.8ms | Allocations: 4480)
  Rendered layout layouts/teste.html.erb (Duration: 25.4ms | Allocations: 19030)
Completed 200 OK in 29ms (Views: 24.7ms | ActiveRecord: 1.8ms | Allocations: 20491)


Started GET "/coins" for ::1 at 2023-12-11 10:31:58 -0300
Processing by CoinsController#index as HTML
  Rendering layout layouts/teste.html.erb
  Rendering coins/index.html.erb within layouts/teste
  [1m[36mCoin Load (0.1ms)[0m  [1m[34mSELECT "coins".* FROM "coins"[0m
  ↳ app/views/coins/index.html.erb:15
  Rendered coins/index.html.erb within layouts/teste (Duration: 7.7ms | Allocations: 4518)
  Rendered layout layouts/teste.html.erb (Duration: 20.3ms | Allocations: 18848)
Completed 200 OK in 23ms (Views: 19.6ms | ActiveRecord: 1.9ms | Allocations: 20310)


Started GET "/coins" for ::1 at 2023-12-11 10:32:33 -0300
Processing by CoinsController#index as HTML
  Rendering layout layouts/teste.html.erb
  Rendering coins/index.html.erb within layouts/teste
  [1m[36mCoin Load (0.2ms)[0m  [1m[34mSELECT "coins".* FROM "coins"[0m
  ↳ app/views/coins/index.html.erb:15
  Rendered coins/index.html.erb within layouts/teste (Duration: 8.7ms | Allocations: 4518)
  Rendered layout layouts/teste.html.erb (Duration: 21.8ms | Allocations: 19032)
Completed 200 OK in 26ms (Views: 20.5ms | ActiveRecord: 2.9ms | Allocations: 20495)


Started GET "/coins" for ::1 at 2023-12-11 10:54:54 -0300
Processing by CoinsController#index as HTML
  Rendering layout layouts/teste.html.erb
  Rendering coins/index.html.erb within layouts/teste
  [1m[36mCoin Load (1.0ms)[0m  [1m[34mSELECT "coins".* FROM "coins"[0m
  ↳ app/views/coins/index.html.erb:15
  Rendered coins/index.html.erb within layouts/teste (Duration: 7.0ms | Allocations: 4047)
  Rendered layout layouts/teste.html.erb (Duration: 20.1ms | Allocations: 18562)
Completed 200 OK in 24ms (Views: 20.0ms | ActiveRecord: 1.6ms | Allocations: 20025)


Started GET "/coins/2" for ::1 at 2023-12-11 10:54:56 -0300
Processing by CoinsController#show as HTML
  Parameters: {"id"=>"2"}
  [1m[36mCoin Load (0.5ms)[0m  [1m[34mSELECT "coins".* FROM "coins" WHERE "coins"."id" = ? LIMIT ?[0m  [["id", 2], ["LIMIT", 1]]
  ↳ app/controllers/coins_controller.rb:64:in `set_coin'
  Rendering layout layouts/teste.html.erb
  Rendering coins/show.html.erb within layouts/teste
  Rendered coins/_coin.html.erb (Duration: 1.2ms | Allocations: 227)
  Rendered coins/show.html.erb within layouts/teste (Duration: 5.3ms | Allocations: 1007)
  Rendered layout layouts/teste.html.erb (Duration: 10.7ms | Allocations: 3101)
Completed 200 OK in 17ms (Views: 11.7ms | ActiveRecord: 0.4ms | Allocations: 4399)


Started GET "/coins/2" for ::1 at 2023-12-11 10:55:05 -0300
Processing by CoinsController#show as HTML
  Parameters: {"id"=>"2"}
  [1m[36mCoin Load (0.1ms)[0m  [1m[34mSELECT "coins".* FROM "coins" WHERE "coins"."id" = ? LIMIT ?[0m  [["id", 2], ["LIMIT", 1]]
  ↳ app/controllers/coins_controller.rb:64:in `set_coin'
  Rendering layout layouts/teste.html.erb
  Rendering coins/show.html.erb within layouts/teste
  Rendered coins/_coin.html.erb (Duration: 0.8ms | Allocations: 231)
  Rendered coins/show.html.erb within layouts/teste (Duration: 2.8ms | Allocations: 1043)
  Rendered layout layouts/teste.html.erb (Duration: 17.3ms | Allocations: 15566)
Completed 200 OK in 28ms (Views: 18.6ms | ActiveRecord: 2.1ms | Allocations: 21131)


Started GET "/coins" for ::1 at 2023-12-11 10:55:09 -0300
Processing by CoinsController#index as HTML
  Rendering layout layouts/teste.html.erb
  Rendering coins/index.html.erb within layouts/teste
  [1m[36mCoin Load (0.2ms)[0m  [1m[34mSELECT "coins".* FROM "coins"[0m
  ↳ app/views/coins/index.html.erb:15
  Rendered coins/index.html.erb within layouts/teste (Duration: 3.9ms | Allocations: 1315)
  Rendered layout layouts/teste.html.erb (Duration: 8.4ms | Allocations: 3414)
Completed 200 OK in 10ms (Views: 8.9ms | ActiveRecord: 0.2ms | Allocations: 3741)


Started GET "/coins/1" for ::1 at 2023-12-11 10:55:10 -0300
Processing by CoinsController#show as HTML
  Parameters: {"id"=>"1"}
  [1m[36mCoin Load (0.2ms)[0m  [1m[34mSELECT "coins".* FROM "coins" WHERE "coins"."id" = ? LIMIT ?[0m  [["id", 1], ["LIMIT", 1]]
  ↳ app/controllers/coins_controller.rb:64:in `set_coin'
  Rendering layout layouts/teste.html.erb
  Rendering coins/show.html.erb within layouts/teste
  Rendered coins/_coin.html.erb (Duration: 0.4ms | Allocations: 36)
  Rendered coins/show.html.erb within layouts/teste (Duration: 4.1ms | Allocations: 492)
  Rendered layout layouts/teste.html.erb (Duration: 12.7ms | Allocations: 2586)
Completed 200 OK in 17ms (Views: 13.9ms | ActiveRecord: 0.2ms | Allocations: 3167)


Started GET "/coins/3" for ::1 at 2023-12-11 10:55:12 -0300
Processing by CoinsController#show as HTML
  Parameters: {"id"=>"3"}
  [1m[36mCoin Load (0.2ms)[0m  [1m[34mSELECT "coins".* FROM "coins" WHERE "coins"."id" = ? LIMIT ?[0m  [["id", 3], ["LIMIT", 1]]
  ↳ app/controllers/coins_controller.rb:64:in `set_coin'
  Rendering layout layouts/teste.html.erb
  Rendering coins/show.html.erb within layouts/teste
  Rendered coins/_coin.html.erb (Duration: 0.2ms | Allocations: 36)
  Rendered coins/show.html.erb within layouts/teste (Duration: 3.3ms | Allocations: 495)
  Rendered layout layouts/teste.html.erb (Duration: 7.6ms | Allocations: 2589)
Completed 200 OK in 11ms (Views: 8.2ms | ActiveRecord: 0.2ms | Allocations: 3170)


Started GET "/coins/2" for ::1 at 2023-12-11 10:55:23 -0300
Processing by CoinsController#show as HTML
  Parameters: {"id"=>"2"}
  [1m[36mCoin Load (0.1ms)[0m  [1m[34mSELECT "coins".* FROM "coins" WHERE "coins"."id" = ? LIMIT ?[0m  [["id", 2], ["LIMIT", 1]]
  ↳ app/controllers/coins_controller.rb:64:in `set_coin'
  Rendering layout layouts/teste.html.erb
  Rendering coins/show.html.erb within layouts/teste
  Rendered coins/_coin.html.erb (Duration: 0.5ms | Allocations: 232)
  Rendered coins/show.html.erb within layouts/teste (Duration: 2.1ms | Allocations: 1060)
  Rendered layout layouts/teste.html.erb (Duration: 12.6ms | Allocations: 15367)
Completed 200 OK in 21ms (Views: 13.8ms | ActiveRecord: 1.5ms | Allocations: 20907)


Started GET "/coins" for ::1 at 2023-12-11 11:02:32 -0300
Processing by CoinsController#index as HTML
  Rendering layout layouts/teste.html.erb
  Rendering coins/index.html.erb within layouts/teste
  [1m[36mCoin Load (2.6ms)[0m  [1m[34mSELECT "coins".* FROM "coins"[0m
  ↳ app/views/coins/index.html.erb:15
  Rendered coins/index.html.erb within layouts/teste (Duration: 6.8ms | Allocations: 1564)
  Rendered layout layouts/teste.html.erb (Duration: 10.4ms | Allocations: 3695)
Completed 200 OK in 12ms (Views: 6.5ms | ActiveRecord: 4.6ms | Allocations: 4024)


Started GET "/coins/new" for ::1 at 2023-12-11 11:02:34 -0300
Processing by CoinsController#new as HTML
  Rendering layout layouts/teste.html.erb
  Rendering coins/new.html.erb within layouts/teste
  Rendered coins/_form.html.erb (Duration: 25.1ms | Allocations: 7743)
  Rendered coins/new.html.erb within layouts/teste (Duration: 26.6ms | Allocations: 8004)
  Rendered layout layouts/teste.html.erb (Duration: 26.8ms | Allocations: 8091)
Completed 500 Internal Server Error in 29ms (ActiveRecord: 0.0ms | Allocations: 8426)


  
ActionView::Template::Error (Nil location provided. Can't build URI.):
    24:   <div>
    25:     <%= form.label :url_image, style: "display: block" %>
    26:     <%= form.text_field :url_image %>
    27:     <%= image_tag coin.url_image, widget:30, height:30 %>
    28:   </div>
    29: 
    30:   <div>
  
app/views/coins/_form.html.erb:27
app/views/coins/_form.html.erb:1
app/views/coins/new.html.erb:3
Started GET "/coins" for ::1 at 2023-12-11 11:02:36 -0300
Processing by CoinsController#index as HTML
  Rendering layout layouts/teste.html.erb
  Rendering coins/index.html.erb within layouts/teste
  [1m[36mCoin Load (0.1ms)[0m  [1m[34mSELECT "coins".* FROM "coins"[0m
  ↳ app/views/coins/index.html.erb:15
  Rendered coins/index.html.erb within layouts/teste (Duration: 2.3ms | Allocations: 967)
  Rendered layout layouts/teste.html.erb (Duration: 6.1ms | Allocations: 3098)
Completed 200 OK in 7ms (Views: 6.5ms | ActiveRecord: 0.1ms | Allocations: 3337)


Started GET "/coins" for ::1 at 2023-12-11 11:32:31 -0300
Processing by CoinsController#index as HTML
  Rendering layout layouts/teste.html.erb
  Rendering coins/index.html.erb within layouts/teste
  [1m[36mCoin Load (0.8ms)[0m  [1m[34mSELECT "coins".* FROM "coins"[0m
  ↳ app/views/coins/index.html.erb:15
  Rendered coins/index.html.erb within layouts/teste (Duration: 6.0ms | Allocations: 3951)
  Rendered layout layouts/teste.html.erb (Duration: 17.7ms | Allocations: 18499)
Completed 200 OK in 20ms (Views: 17.4ms | ActiveRecord: 1.2ms | Allocations: 19963)


Started GET "/rails/info/routes" for ::1 at 2023-12-11 11:32:48 -0300
Processing by Rails::InfoController#routes as HTML
  Rendering layout /usr/share/rvm/gems/ruby-3.2.2/gems/railties-7.1.2/lib/rails/templates/layouts/application.html.erb
  Rendering /usr/share/rvm/gems/ruby-3.2.2/gems/railties-7.1.2/lib/rails/templates/rails/info/routes.html.erb within layouts/application
  Rendered collection of /usr/share/rvm/gems/ruby-3.2.2/gems/actionpack-7.1.2/lib/action_dispatch/middleware/templates/routes/_route.html.erb [36 times] (Duration: 32.4ms | Allocations: 6414)
  Rendered /usr/share/rvm/gems/ruby-3.2.2/gems/actionpack-7.1.2/lib/action_dispatch/middleware/templates/routes/_table.html.erb (Duration: 22.3ms | Allocations: 805)
  Rendered /usr/share/rvm/gems/ruby-3.2.2/gems/railties-7.1.2/lib/rails/templates/rails/info/routes.html.erb within layouts/application (Duration: 95.2ms | Allocations: 10995)
  Rendered layout /usr/share/rvm/gems/ruby-3.2.2/gems/railties-7.1.2/lib/rails/templates/layouts/application.html.erb (Duration: 96.0ms | Allocations: 11271)
Completed 200 OK in 154ms (Views: 129.0ms | ActiveRecord: 0.0ms | Allocations: 12158)


Started GET "/rails/info/routes?query=coin" for ::1 at 2023-12-11 11:32:53 -0300
Processing by Rails::InfoController#routes as */*
  Parameters: {"query"=>"coin"}
Completed 200 OK in 5ms (Views: 0.2ms | ActiveRecord: 0.0ms | Allocations: 10382)


Started GET "/rails/info/routes?query=coins" for ::1 at 2023-12-11 11:32:55 -0300
Processing by Rails::InfoController#routes as */*
  Parameters: {"query"=>"coins"}
Completed 200 OK in 8ms (Views: 0.2ms | ActiveRecord: 0.0ms | Allocations: 9123)


Started GET "/rails/info/routes?query=coins" for ::1 at 2023-12-11 11:32:55 -0300
Processing by Rails::InfoController#routes as */*
  Parameters: {"query"=>"coins"}
Completed 200 OK in 17ms (Views: 0.2ms | ActiveRecord: 0.0ms | Allocations: 9115)


Started GET "/rails/info/routes?query=new" for ::1 at 2023-12-11 11:33:08 -0300
Processing by Rails::InfoController#routes as */*
  Parameters: {"query"=>"new"}
Completed 200 OK in 14ms (Views: 0.2ms | ActiveRecord: 0.0ms | Allocations: 9347)


Started GET "/rails/info/routes?query=new" for ::1 at 2023-12-11 11:33:11 -0300
Processing by Rails::InfoController#routes as */*
  Parameters: {"query"=>"new"}
Completed 200 OK in 4ms (Views: 0.1ms | ActiveRecord: 0.0ms | Allocations: 9345)


Started GET "/rails/info/routes?query=edit" for ::1 at 2023-12-11 11:33:20 -0300
Processing by Rails::InfoController#routes as */*
  Parameters: {"query"=>"edit"}
Completed 200 OK in 5ms (Views: 0.1ms | ActiveRecord: 0.0ms | Allocations: 9394)


Started GET "/rails/info/routes?query=a" for ::1 at 2023-12-11 11:33:28 -0300
Processing by Rails::InfoController#routes as */*
  Parameters: {"query"=>"a"}
Completed 200 OK in 12ms (Views: 0.5ms | ActiveRecord: 0.0ms | Allocations: 6569)


Started GET "/rails/info/routes?query=e" for ::1 at 2023-12-11 11:33:29 -0300
Processing by Rails::InfoController#routes as */*
  Parameters: {"query"=>"e"}
Completed 200 OK in 12ms (Views: 0.3ms | ActiveRecord: 0.0ms | Allocations: 6842)


Started GET "/rails/info/routes?query=edit" for ::1 at 2023-12-11 11:33:29 -0300
Processing by Rails::InfoController#routes as */*
  Parameters: {"query"=>"edit"}
Completed 200 OK in 17ms (Views: 0.3ms | ActiveRecord: 0.0ms | Allocations: 9394)


Started GET "/coins/1/edit" for ::1 at 2023-12-11 11:35:10 -0300
Processing by CoinsController#edit as HTML
  Parameters: {"id"=>"1"}
  [1m[36mCoin Load (0.4ms)[0m  [1m[34mSELECT "coins".* FROM "coins" WHERE "coins"."id" = ? LIMIT ?[0m  [["id", 1], ["LIMIT", 1]]
  ↳ app/controllers/coins_controller.rb:64:in `set_coin'
  Rendering layout layouts/teste.html.erb
  Rendering coins/edit.html.erb within layouts/teste
  Rendered coins/_form.html.erb (Duration: 7.8ms | Allocations: 1405)
  Rendered coins/edit.html.erb within layouts/teste (Duration: 10.1ms | Allocations: 1728)
  Rendered layout layouts/teste.html.erb (Duration: 15.9ms | Allocations: 3854)
Completed 200 OK in 23ms (Views: 16.9ms | ActiveRecord: 0.4ms | Allocations: 5130)


